{"/home/david/schoolprojects/T3A2-B/src/backend/src/server.js": {"path":"/home/david/schoolprojects/T3A2-B/src/backend/src/server.js","statementMap":{"0":{"start":{"line":1,"column":16},"end":{"line":1,"column":34}},"1":{"start":{"line":2,"column":15},"end":{"line":2,"column":41}},"2":{"start":{"line":3,"column":23},"end":{"line":3,"column":62}},"3":{"start":{"line":4,"column":18},"end":{"line":4,"column":40}},"4":{"start":{"line":5,"column":21},"end":{"line":5,"column":45}},"5":{"start":{"line":6,"column":13},"end":{"line":6,"column":37}},"6":{"start":{"line":8,"column":0},"end":{"line":8,"column":11}},"7":{"start":{"line":10,"column":12},"end":{"line":10,"column":21}},"8":{"start":{"line":12,"column":0},"end":{"line":12,"column":24}},"9":{"start":{"line":13,"column":0},"end":{"line":13,"column":23}},"10":{"start":{"line":14,"column":0},"end":{"line":14,"column":46}},"11":{"start":{"line":16,"column":0},"end":{"line":16,"column":48}},"12":{"start":{"line":17,"column":0},"end":{"line":17,"column":54}},"13":{"start":{"line":18,"column":0},"end":{"line":18,"column":50}},"14":{"start":{"line":20,"column":0},"end":{"line":20,"column":21}},"15":{"start":{"line":23,"column":0},"end":{"line":25,"column":3}},"16":{"start":{"line":24,"column":2},"end":{"line":24,"column":32}},"17":{"start":{"line":27,"column":0},"end":{"line":27,"column":21}}},"fnMap":{"0":{"name":"(anonymous_0)","decl":{"start":{"line":23,"column":17},"end":{"line":23,"column":18}},"loc":{"start":{"line":23,"column":23},"end":{"line":25,"column":1}},"line":23}},"branchMap":{"0":{"loc":{"start":{"line":6,"column":13},"end":{"line":6,"column":37}},"type":"binary-expr","locations":[{"start":{"line":6,"column":13},"end":{"line":6,"column":29}},{"start":{"line":6,"column":33},"end":{"line":6,"column":37}}],"line":6}},"s":{"0":1,"1":1,"2":1,"3":1,"4":1,"5":1,"6":1,"7":1,"8":1,"9":1,"10":1,"11":1,"12":1,"13":1,"14":1,"15":1,"16":1,"17":1},"f":{"0":1},"b":{"0":[1,0]},"_coverageSchema":"1a1c01bbd47fc00a2c39e90264f33305004495a9","hash":"fcf662d19c73e0bfb4c9ec1e0e97666386f641e2"}
,"/home/david/schoolprojects/T3A2-B/src/backend/src/config/db.js": {"path":"/home/david/schoolprojects/T3A2-B/src/backend/src/config/db.js","statementMap":{"0":{"start":{"line":1,"column":17},"end":{"line":1,"column":36}},"1":{"start":{"line":2,"column":15},"end":{"line":2,"column":41}},"2":{"start":{"line":4,"column":18},"end":{"line":13,"column":1}},"3":{"start":{"line":5,"column":0},"end":{"line":12,"column":1}},"4":{"start":{"line":6,"column":17},"end":{"line":6,"column":62}},"5":{"start":{"line":7,"column":4},"end":{"line":7,"column":61}},"6":{"start":{"line":10,"column":4},"end":{"line":10,"column":23}},"7":{"start":{"line":11,"column":4},"end":{"line":11,"column":19}},"8":{"start":{"line":15,"column":0},"end":{"line":15,"column":26}}},"fnMap":{"0":{"name":"(anonymous_0)","decl":{"start":{"line":4,"column":18},"end":{"line":4,"column":19}},"loc":{"start":{"line":4,"column":29},"end":{"line":13,"column":1}},"line":4}},"branchMap":{},"s":{"0":1,"1":1,"2":1,"3":1,"4":1,"5":1,"6":0,"7":0,"8":1},"f":{"0":1},"b":{},"_coverageSchema":"1a1c01bbd47fc00a2c39e90264f33305004495a9","hash":"bbec0396648b94ef29782c4976b9266f8721791d"}
,"/home/david/schoolprojects/T3A2-B/src/backend/src/controllers/carerController.js": {"path":"/home/david/schoolprojects/T3A2-B/src/backend/src/controllers/carerController.js","statementMap":{"0":{"start":{"line":1,"column":21},"end":{"line":1,"column":53}},"1":{"start":{"line":2,"column":12},"end":{"line":2,"column":35}},"2":{"start":{"line":3,"column":19},"end":{"line":3,"column":40}},"3":{"start":{"line":4,"column":13},"end":{"line":4,"column":43}},"4":{"start":{"line":5,"column":16},"end":{"line":5,"column":49}},"5":{"start":{"line":6,"column":15},"end":{"line":6,"column":43}},"6":{"start":{"line":7,"column":20},"end":{"line":7,"column":38}},"7":{"start":{"line":13,"column":24},"end":{"line":74,"column":2}},"8":{"start":{"line":15,"column":18},"end":{"line":15,"column":55}},"9":{"start":{"line":18,"column":2},"end":{"line":21,"column":3}},"10":{"start":{"line":19,"column":4},"end":{"line":19,"column":20}},"11":{"start":{"line":20,"column":4},"end":{"line":20,"column":41}},"12":{"start":{"line":24,"column":16},"end":{"line":24,"column":61}},"13":{"start":{"line":27,"column":2},"end":{"line":30,"column":3}},"14":{"start":{"line":28,"column":4},"end":{"line":28,"column":20}},"15":{"start":{"line":29,"column":4},"end":{"line":29,"column":57}},"16":{"start":{"line":33,"column":15},"end":{"line":33,"column":47}},"17":{"start":{"line":36,"column":2},"end":{"line":39,"column":3}},"18":{"start":{"line":37,"column":4},"end":{"line":37,"column":20}},"19":{"start":{"line":38,"column":4},"end":{"line":38,"column":38}},"20":{"start":{"line":42,"column":2},"end":{"line":45,"column":3}},"21":{"start":{"line":43,"column":4},"end":{"line":43,"column":20}},"22":{"start":{"line":44,"column":4},"end":{"line":44,"column":46}},"23":{"start":{"line":48,"column":26},"end":{"line":48,"column":68}},"24":{"start":{"line":51,"column":18},"end":{"line":51,"column":34}},"25":{"start":{"line":54,"column":20},"end":{"line":54,"column":30}},"26":{"start":{"line":57,"column":21},"end":{"line":59,"column":4}},"27":{"start":{"line":60,"column":17},"end":{"line":60,"column":39}},"28":{"start":{"line":63,"column":2},"end":{"line":68,"column":4}},"29":{"start":{"line":71,"column":2},"end":{"line":73,"column":5}},"30":{"start":{"line":80,"column":17},"end":{"line":118,"column":2}},"31":{"start":{"line":82,"column":17},"end":{"line":82,"column":45}},"32":{"start":{"line":85,"column":33},"end":{"line":85,"column":39}},"33":{"start":{"line":88,"column":18},"end":{"line":88,"column":51}},"34":{"start":{"line":91,"column":16},"end":{"line":91,"column":44}},"35":{"start":{"line":94,"column":2},"end":{"line":97,"column":3}},"36":{"start":{"line":95,"column":4},"end":{"line":95,"column":20}},"37":{"start":{"line":96,"column":4},"end":{"line":96,"column":41}},"38":{"start":{"line":100,"column":2},"end":{"line":103,"column":3}},"39":{"start":{"line":101,"column":4},"end":{"line":101,"column":20}},"40":{"start":{"line":102,"column":4},"end":{"line":102,"column":57}},"41":{"start":{"line":107,"column":2},"end":{"line":117,"column":3}},"42":{"start":{"line":108,"column":27},"end":{"line":112,"column":5}},"43":{"start":{"line":113,"column":4},"end":{"line":113,"column":41}},"44":{"start":{"line":115,"column":4},"end":{"line":115,"column":20}},"45":{"start":{"line":116,"column":4},"end":{"line":116,"column":44}},"46":{"start":{"line":124,"column":20},"end":{"line":165,"column":2}},"47":{"start":{"line":126,"column":18},"end":{"line":126,"column":62}},"48":{"start":{"line":129,"column":2},"end":{"line":132,"column":3}},"49":{"start":{"line":130,"column":4},"end":{"line":130,"column":20}},"50":{"start":{"line":131,"column":4},"end":{"line":131,"column":41}},"51":{"start":{"line":135,"column":15},"end":{"line":135,"column":47}},"52":{"start":{"line":138,"column":2},"end":{"line":141,"column":3}},"53":{"start":{"line":139,"column":4},"end":{"line":139,"column":20}},"54":{"start":{"line":140,"column":4},"end":{"line":140,"column":38}},"55":{"start":{"line":144,"column":2},"end":{"line":147,"column":3}},"56":{"start":{"line":145,"column":4},"end":{"line":145,"column":20}},"57":{"start":{"line":146,"column":4},"end":{"line":146,"column":46}},"58":{"start":{"line":150,"column":18},"end":{"line":150,"column":36}},"59":{"start":{"line":154,"column":2},"end":{"line":164,"column":3}},"60":{"start":{"line":155,"column":27},"end":{"line":159,"column":5}},"61":{"start":{"line":160,"column":4},"end":{"line":160,"column":41}},"62":{"start":{"line":162,"column":4},"end":{"line":162,"column":20}},"63":{"start":{"line":163,"column":4},"end":{"line":163,"column":44}},"64":{"start":{"line":167,"column":0},"end":{"line":171,"column":2}}},"fnMap":{"0":{"name":"(anonymous_0)","decl":{"start":{"line":13,"column":37},"end":{"line":13,"column":38}},"loc":{"start":{"line":13,"column":57},"end":{"line":74,"column":1}},"line":13},"1":{"name":"(anonymous_1)","decl":{"start":{"line":80,"column":30},"end":{"line":80,"column":31}},"loc":{"start":{"line":80,"column":50},"end":{"line":118,"column":1}},"line":80},"2":{"name":"(anonymous_2)","decl":{"start":{"line":124,"column":33},"end":{"line":124,"column":34}},"loc":{"start":{"line":124,"column":53},"end":{"line":165,"column":1}},"line":124}},"branchMap":{"0":{"loc":{"start":{"line":18,"column":2},"end":{"line":21,"column":3}},"type":"if","locations":[{"start":{"line":18,"column":2},"end":{"line":21,"column":3}},{"start":{},"end":{}}],"line":18},"1":{"loc":{"start":{"line":27,"column":2},"end":{"line":30,"column":3}},"type":"if","locations":[{"start":{"line":27,"column":2},"end":{"line":30,"column":3}},{"start":{},"end":{}}],"line":27},"2":{"loc":{"start":{"line":36,"column":2},"end":{"line":39,"column":3}},"type":"if","locations":[{"start":{"line":36,"column":2},"end":{"line":39,"column":3}},{"start":{},"end":{}}],"line":36},"3":{"loc":{"start":{"line":42,"column":2},"end":{"line":45,"column":3}},"type":"if","locations":[{"start":{"line":42,"column":2},"end":{"line":45,"column":3}},{"start":{},"end":{}}],"line":42},"4":{"loc":{"start":{"line":94,"column":2},"end":{"line":97,"column":3}},"type":"if","locations":[{"start":{"line":94,"column":2},"end":{"line":97,"column":3}},{"start":{},"end":{}}],"line":94},"5":{"loc":{"start":{"line":100,"column":2},"end":{"line":103,"column":3}},"type":"if","locations":[{"start":{"line":100,"column":2},"end":{"line":103,"column":3}},{"start":{},"end":{}}],"line":100},"6":{"loc":{"start":{"line":107,"column":2},"end":{"line":117,"column":3}},"type":"if","locations":[{"start":{"line":107,"column":2},"end":{"line":117,"column":3}},{"start":{"line":114,"column":9},"end":{"line":117,"column":3}}],"line":107},"7":{"loc":{"start":{"line":129,"column":2},"end":{"line":132,"column":3}},"type":"if","locations":[{"start":{"line":129,"column":2},"end":{"line":132,"column":3}},{"start":{},"end":{}}],"line":129},"8":{"loc":{"start":{"line":138,"column":2},"end":{"line":141,"column":3}},"type":"if","locations":[{"start":{"line":138,"column":2},"end":{"line":141,"column":3}},{"start":{},"end":{}}],"line":138},"9":{"loc":{"start":{"line":144,"column":2},"end":{"line":147,"column":3}},"type":"if","locations":[{"start":{"line":144,"column":2},"end":{"line":147,"column":3}},{"start":{},"end":{}}],"line":144},"10":{"loc":{"start":{"line":154,"column":2},"end":{"line":164,"column":3}},"type":"if","locations":[{"start":{"line":154,"column":2},"end":{"line":164,"column":3}},{"start":{"line":161,"column":9},"end":{"line":164,"column":3}}],"line":154}},"s":{"0":1,"1":1,"2":1,"3":1,"4":1,"5":1,"6":1,"7":1,"8":0,"9":0,"10":0,"11":0,"12":0,"13":0,"14":0,"15":0,"16":0,"17":0,"18":0,"19":0,"20":0,"21":0,"22":0,"23":0,"24":0,"25":0,"26":0,"27":0,"28":0,"29":0,"30":1,"31":0,"32":0,"33":0,"34":0,"35":0,"36":0,"37":0,"38":0,"39":0,"40":0,"41":0,"42":0,"43":0,"44":0,"45":0,"46":1,"47":0,"48":0,"49":0,"50":0,"51":0,"52":0,"53":0,"54":0,"55":0,"56":0,"57":0,"58":0,"59":0,"60":0,"61":0,"62":0,"63":0,"64":1},"f":{"0":0,"1":0,"2":0},"b":{"0":[0,0],"1":[0,0],"2":[0,0],"3":[0,0],"4":[0,0],"5":[0,0],"6":[0,0],"7":[0,0],"8":[0,0],"9":[0,0],"10":[0,0]},"_coverageSchema":"1a1c01bbd47fc00a2c39e90264f33305004495a9","hash":"d58580b3c4b92b4ed5bdd068a5de63234f04381f"}
,"/home/david/schoolprojects/T3A2-B/src/backend/src/controllers/patientController.js": {"path":"/home/david/schoolprojects/T3A2-B/src/backend/src/controllers/patientController.js","statementMap":{"0":{"start":{"line":1,"column":21},"end":{"line":1,"column":53}},"1":{"start":{"line":2,"column":12},"end":{"line":2,"column":35}},"2":{"start":{"line":3,"column":19},"end":{"line":3,"column":40}},"3":{"start":{"line":4,"column":13},"end":{"line":4,"column":43}},"4":{"start":{"line":5,"column":16},"end":{"line":5,"column":49}},"5":{"start":{"line":6,"column":15},"end":{"line":6,"column":43}},"6":{"start":{"line":7,"column":20},"end":{"line":7,"column":38}},"7":{"start":{"line":13,"column":22},"end":{"line":42,"column":2}},"8":{"start":{"line":14,"column":34},"end":{"line":14,"column":42}},"9":{"start":{"line":15,"column":22},"end":{"line":15,"column":33}},"10":{"start":{"line":18,"column":2},"end":{"line":21,"column":3}},"11":{"start":{"line":19,"column":4},"end":{"line":19,"column":20}},"12":{"start":{"line":20,"column":4},"end":{"line":20,"column":50}},"13":{"start":{"line":24,"column":18},"end":{"line":28,"column":4}},"14":{"start":{"line":31,"column":2},"end":{"line":41,"column":3}},"15":{"start":{"line":32,"column":4},"end":{"line":37,"column":7}},"16":{"start":{"line":39,"column":4},"end":{"line":39,"column":20}},"17":{"start":{"line":40,"column":4},"end":{"line":40,"column":36}},"18":{"start":{"line":48,"column":22},"end":{"line":79,"column":2}},"19":{"start":{"line":49,"column":18},"end":{"line":49,"column":55}},"20":{"start":{"line":52,"column":2},"end":{"line":55,"column":3}},"21":{"start":{"line":53,"column":4},"end":{"line":53,"column":20}},"22":{"start":{"line":54,"column":4},"end":{"line":54,"column":41}},"23":{"start":{"line":57,"column":15},"end":{"line":57,"column":47}},"24":{"start":{"line":60,"column":2},"end":{"line":63,"column":3}},"25":{"start":{"line":61,"column":4},"end":{"line":61,"column":20}},"26":{"start":{"line":62,"column":4},"end":{"line":62,"column":38}},"27":{"start":{"line":66,"column":2},"end":{"line":69,"column":3}},"28":{"start":{"line":67,"column":4},"end":{"line":67,"column":20}},"29":{"start":{"line":68,"column":4},"end":{"line":68,"column":46}},"30":{"start":{"line":71,"column":25},"end":{"line":77,"column":3}},"31":{"start":{"line":78,"column":2},"end":{"line":78,"column":39}},"32":{"start":{"line":85,"column":22},"end":{"line":110,"column":2}},"33":{"start":{"line":86,"column":18},"end":{"line":86,"column":55}},"34":{"start":{"line":89,"column":2},"end":{"line":92,"column":3}},"35":{"start":{"line":90,"column":4},"end":{"line":90,"column":20}},"36":{"start":{"line":91,"column":4},"end":{"line":91,"column":41}},"37":{"start":{"line":94,"column":15},"end":{"line":94,"column":47}},"38":{"start":{"line":97,"column":2},"end":{"line":100,"column":3}},"39":{"start":{"line":98,"column":4},"end":{"line":98,"column":20}},"40":{"start":{"line":99,"column":4},"end":{"line":99,"column":38}},"41":{"start":{"line":103,"column":2},"end":{"line":106,"column":3}},"42":{"start":{"line":104,"column":4},"end":{"line":104,"column":20}},"43":{"start":{"line":105,"column":4},"end":{"line":105,"column":46}},"44":{"start":{"line":108,"column":2},"end":{"line":108,"column":25}},"45":{"start":{"line":109,"column":2},"end":{"line":109,"column":72}},"46":{"start":{"line":114,"column":0},"end":{"line":118,"column":2}}},"fnMap":{"0":{"name":"(anonymous_0)","decl":{"start":{"line":13,"column":35},"end":{"line":13,"column":36}},"loc":{"start":{"line":13,"column":55},"end":{"line":42,"column":1}},"line":13},"1":{"name":"(anonymous_1)","decl":{"start":{"line":48,"column":35},"end":{"line":48,"column":36}},"loc":{"start":{"line":48,"column":55},"end":{"line":79,"column":1}},"line":48},"2":{"name":"(anonymous_2)","decl":{"start":{"line":85,"column":35},"end":{"line":85,"column":36}},"loc":{"start":{"line":85,"column":55},"end":{"line":110,"column":1}},"line":85}},"branchMap":{"0":{"loc":{"start":{"line":18,"column":2},"end":{"line":21,"column":3}},"type":"if","locations":[{"start":{"line":18,"column":2},"end":{"line":21,"column":3}},{"start":{},"end":{}}],"line":18},"1":{"loc":{"start":{"line":18,"column":6},"end":{"line":18,"column":29}},"type":"binary-expr","locations":[{"start":{"line":18,"column":6},"end":{"line":18,"column":16}},{"start":{"line":18,"column":20},"end":{"line":18,"column":29}}],"line":18},"2":{"loc":{"start":{"line":31,"column":2},"end":{"line":41,"column":3}},"type":"if","locations":[{"start":{"line":31,"column":2},"end":{"line":41,"column":3}},{"start":{"line":38,"column":9},"end":{"line":41,"column":3}}],"line":31},"3":{"loc":{"start":{"line":52,"column":2},"end":{"line":55,"column":3}},"type":"if","locations":[{"start":{"line":52,"column":2},"end":{"line":55,"column":3}},{"start":{},"end":{}}],"line":52},"4":{"loc":{"start":{"line":60,"column":2},"end":{"line":63,"column":3}},"type":"if","locations":[{"start":{"line":60,"column":2},"end":{"line":63,"column":3}},{"start":{},"end":{}}],"line":60},"5":{"loc":{"start":{"line":66,"column":2},"end":{"line":69,"column":3}},"type":"if","locations":[{"start":{"line":66,"column":2},"end":{"line":69,"column":3}},{"start":{},"end":{}}],"line":66},"6":{"loc":{"start":{"line":89,"column":2},"end":{"line":92,"column":3}},"type":"if","locations":[{"start":{"line":89,"column":2},"end":{"line":92,"column":3}},{"start":{},"end":{}}],"line":89},"7":{"loc":{"start":{"line":97,"column":2},"end":{"line":100,"column":3}},"type":"if","locations":[{"start":{"line":97,"column":2},"end":{"line":100,"column":3}},{"start":{},"end":{}}],"line":97},"8":{"loc":{"start":{"line":103,"column":2},"end":{"line":106,"column":3}},"type":"if","locations":[{"start":{"line":103,"column":2},"end":{"line":106,"column":3}},{"start":{},"end":{}}],"line":103}},"s":{"0":1,"1":1,"2":1,"3":1,"4":1,"5":1,"6":1,"7":1,"8":2,"9":2,"10":2,"11":1,"12":1,"13":1,"14":1,"15":1,"16":0,"17":0,"18":1,"19":0,"20":0,"21":0,"22":0,"23":0,"24":0,"25":0,"26":0,"27":0,"28":0,"29":0,"30":0,"31":0,"32":1,"33":0,"34":0,"35":0,"36":0,"37":0,"38":0,"39":0,"40":0,"41":0,"42":0,"43":0,"44":0,"45":0,"46":1},"f":{"0":2,"1":0,"2":0},"b":{"0":[1,1],"1":[2,2],"2":[1,0],"3":[0,0],"4":[0,0],"5":[0,0],"6":[0,0],"7":[0,0],"8":[0,0]},"_coverageSchema":"1a1c01bbd47fc00a2c39e90264f33305004495a9","hash":"23b522b9a1825799777735a23ff4e4e23c1e6252"}
,"/home/david/schoolprojects/T3A2-B/src/backend/src/controllers/userController.js": {"path":"/home/david/schoolprojects/T3A2-B/src/backend/src/controllers/userController.js","statementMap":{"0":{"start":{"line":1,"column":21},"end":{"line":1,"column":53}},"1":{"start":{"line":2,"column":12},"end":{"line":2,"column":35}},"2":{"start":{"line":3,"column":19},"end":{"line":3,"column":40}},"3":{"start":{"line":4,"column":15},"end":{"line":4,"column":34}},"4":{"start":{"line":5,"column":13},"end":{"line":5,"column":43}},"5":{"start":{"line":6,"column":16},"end":{"line":6,"column":34}},"6":{"start":{"line":7,"column":15},"end":{"line":7,"column":43}},"7":{"start":{"line":13,"column":21},"end":{"line":60,"column":2}},"8":{"start":{"line":14,"column":51},"end":{"line":14,"column":59}},"9":{"start":{"line":17,"column":2},"end":{"line":20,"column":3}},"10":{"start":{"line":18,"column":4},"end":{"line":18,"column":20}},"11":{"start":{"line":19,"column":4},"end":{"line":19,"column":50}},"12":{"start":{"line":23,"column":21},"end":{"line":23,"column":50}},"13":{"start":{"line":24,"column":2},"end":{"line":27,"column":3}},"14":{"start":{"line":25,"column":4},"end":{"line":25,"column":20}},"15":{"start":{"line":26,"column":4},"end":{"line":26,"column":73}},"16":{"start":{"line":30,"column":15},"end":{"line":30,"column":39}},"17":{"start":{"line":31,"column":25},"end":{"line":31,"column":58}},"18":{"start":{"line":34,"column":15},"end":{"line":39,"column":4}},"19":{"start":{"line":42,"column":21},"end":{"line":44,"column":4}},"20":{"start":{"line":47,"column":2},"end":{"line":47,"column":55}},"21":{"start":{"line":49,"column":2},"end":{"line":59,"column":3}},"22":{"start":{"line":50,"column":4},"end":{"line":55,"column":7}},"23":{"start":{"line":57,"column":4},"end":{"line":57,"column":20}},"24":{"start":{"line":58,"column":4},"end":{"line":58,"column":36}},"25":{"start":{"line":66,"column":26},"end":{"line":85,"column":2}},"26":{"start":{"line":68,"column":17},"end":{"line":68,"column":45}},"27":{"start":{"line":71,"column":15},"end":{"line":71,"column":58}},"28":{"start":{"line":74,"column":2},"end":{"line":77,"column":3}},"29":{"start":{"line":75,"column":4},"end":{"line":75,"column":20}},"30":{"start":{"line":76,"column":4},"end":{"line":76,"column":38}},"31":{"start":{"line":79,"column":21},"end":{"line":81,"column":4}},"32":{"start":{"line":82,"column":2},"end":{"line":82,"column":35}},"33":{"start":{"line":84,"column":2},"end":{"line":84,"column":23}},"34":{"start":{"line":91,"column":18},"end":{"line":131,"column":2}},"35":{"start":{"line":92,"column":30},"end":{"line":92,"column":38}},"36":{"start":{"line":95,"column":15},"end":{"line":95,"column":44}},"37":{"start":{"line":98,"column":13},"end":{"line":98,"column":20}},"38":{"start":{"line":101,"column":2},"end":{"line":104,"column":3}},"39":{"start":{"line":102,"column":4},"end":{"line":102,"column":20}},"40":{"start":{"line":103,"column":4},"end":{"line":103,"column":50}},"41":{"start":{"line":107,"column":2},"end":{"line":110,"column":3}},"42":{"start":{"line":108,"column":4},"end":{"line":108,"column":20}},"43":{"start":{"line":109,"column":4},"end":{"line":109,"column":49}},"44":{"start":{"line":113,"column":21},"end":{"line":115,"column":4}},"45":{"start":{"line":118,"column":2},"end":{"line":126,"column":3}},"46":{"start":{"line":119,"column":4},"end":{"line":122,"column":7}},"47":{"start":{"line":124,"column":4},"end":{"line":124,"column":20}},"48":{"start":{"line":125,"column":4},"end":{"line":125,"column":43}},"49":{"start":{"line":128,"column":2},"end":{"line":130,"column":5}},"50":{"start":{"line":137,"column":16},"end":{"line":141,"column":2}},"51":{"start":{"line":138,"column":2},"end":{"line":140,"column":5}},"52":{"start":{"line":144,"column":20},"end":{"line":146,"column":1}},"53":{"start":{"line":145,"column":2},"end":{"line":145,"column":72}},"54":{"start":{"line":148,"column":0},"end":{"line":153,"column":2}}},"fnMap":{"0":{"name":"(anonymous_0)","decl":{"start":{"line":13,"column":34},"end":{"line":13,"column":35}},"loc":{"start":{"line":13,"column":54},"end":{"line":60,"column":1}},"line":13},"1":{"name":"(anonymous_1)","decl":{"start":{"line":66,"column":39},"end":{"line":66,"column":40}},"loc":{"start":{"line":66,"column":59},"end":{"line":85,"column":1}},"line":66},"2":{"name":"(anonymous_2)","decl":{"start":{"line":91,"column":31},"end":{"line":91,"column":32}},"loc":{"start":{"line":91,"column":51},"end":{"line":131,"column":1}},"line":91},"3":{"name":"(anonymous_3)","decl":{"start":{"line":137,"column":29},"end":{"line":137,"column":30}},"loc":{"start":{"line":137,"column":49},"end":{"line":141,"column":1}},"line":137},"4":{"name":"(anonymous_4)","decl":{"start":{"line":144,"column":20},"end":{"line":144,"column":21}},"loc":{"start":{"line":144,"column":28},"end":{"line":146,"column":1}},"line":144}},"branchMap":{"0":{"loc":{"start":{"line":17,"column":2},"end":{"line":20,"column":3}},"type":"if","locations":[{"start":{"line":17,"column":2},"end":{"line":20,"column":3}},{"start":{},"end":{}}],"line":17},"1":{"loc":{"start":{"line":17,"column":6},"end":{"line":17,"column":52}},"type":"binary-expr","locations":[{"start":{"line":17,"column":6},"end":{"line":17,"column":16}},{"start":{"line":17,"column":20},"end":{"line":17,"column":29}},{"start":{"line":17,"column":33},"end":{"line":17,"column":39}},{"start":{"line":17,"column":43},"end":{"line":17,"column":52}}],"line":17},"2":{"loc":{"start":{"line":24,"column":2},"end":{"line":27,"column":3}},"type":"if","locations":[{"start":{"line":24,"column":2},"end":{"line":27,"column":3}},{"start":{},"end":{}}],"line":24},"3":{"loc":{"start":{"line":49,"column":2},"end":{"line":59,"column":3}},"type":"if","locations":[{"start":{"line":49,"column":2},"end":{"line":59,"column":3}},{"start":{"line":56,"column":9},"end":{"line":59,"column":3}}],"line":49},"4":{"loc":{"start":{"line":74,"column":2},"end":{"line":77,"column":3}},"type":"if","locations":[{"start":{"line":74,"column":2},"end":{"line":77,"column":3}},{"start":{},"end":{}}],"line":74},"5":{"loc":{"start":{"line":101,"column":2},"end":{"line":104,"column":3}},"type":"if","locations":[{"start":{"line":101,"column":2},"end":{"line":104,"column":3}},{"start":{},"end":{}}],"line":101},"6":{"loc":{"start":{"line":101,"column":6},"end":{"line":101,"column":25}},"type":"binary-expr","locations":[{"start":{"line":101,"column":6},"end":{"line":101,"column":12}},{"start":{"line":101,"column":16},"end":{"line":101,"column":25}}],"line":101},"7":{"loc":{"start":{"line":107,"column":2},"end":{"line":110,"column":3}},"type":"if","locations":[{"start":{"line":107,"column":2},"end":{"line":110,"column":3}},{"start":{},"end":{}}],"line":107},"8":{"loc":{"start":{"line":118,"column":2},"end":{"line":126,"column":3}},"type":"if","locations":[{"start":{"line":118,"column":2},"end":{"line":126,"column":3}},{"start":{"line":123,"column":9},"end":{"line":126,"column":3}}],"line":118},"9":{"loc":{"start":{"line":118,"column":6},"end":{"line":118,"column":61}},"type":"binary-expr","locations":[{"start":{"line":118,"column":6},"end":{"line":118,"column":10}},{"start":{"line":118,"column":15},"end":{"line":118,"column":60}}],"line":118}},"s":{"0":1,"1":1,"2":1,"3":1,"4":1,"5":1,"6":1,"7":1,"8":2,"9":2,"10":1,"11":1,"12":1,"13":1,"14":1,"15":1,"16":0,"17":0,"18":0,"19":0,"20":0,"21":0,"22":0,"23":0,"24":0,"25":1,"26":0,"27":0,"28":0,"29":0,"30":0,"31":0,"32":0,"33":0,"34":1,"35":4,"36":4,"37":4,"38":4,"39":1,"40":1,"41":3,"42":0,"43":0,"44":3,"45":3,"46":2,"47":1,"48":1,"49":2,"50":1,"51":0,"52":1,"53":0,"54":1},"f":{"0":2,"1":0,"2":4,"3":0,"4":0},"b":{"0":[1,1],"1":[2,2,2,1],"2":[1,0],"3":[0,0],"4":[0,0],"5":[1,3],"6":[4,4],"7":[0,3],"8":[2,1],"9":[3,3]},"_coverageSchema":"1a1c01bbd47fc00a2c39e90264f33305004495a9","hash":"c99e0b7cb8ddc0a544baeee3e58bf3af124259c4"}
,"/home/david/schoolprojects/T3A2-B/src/backend/src/middleware/authMiddleware.js": {"path":"/home/david/schoolprojects/T3A2-B/src/backend/src/middleware/authMiddleware.js","statementMap":{"0":{"start":{"line":1,"column":12},"end":{"line":1,"column":35}},"1":{"start":{"line":2,"column":21},"end":{"line":2,"column":53}},"2":{"start":{"line":3,"column":13},"end":{"line":3,"column":43}},"3":{"start":{"line":5,"column":16},"end":{"line":20,"column":2}},"4":{"start":{"line":6,"column":16},"end":{"line":6,"column":40}},"5":{"start":{"line":7,"column":2},"end":{"line":10,"column":3}},"6":{"start":{"line":8,"column":4},"end":{"line":8,"column":20}},"7":{"start":{"line":9,"column":4},"end":{"line":9,"column":52}},"8":{"start":{"line":11,"column":2},"end":{"line":19,"column":3}},"9":{"start":{"line":12,"column":17},"end":{"line":12,"column":58}},"10":{"start":{"line":13,"column":4},"end":{"line":13,"column":64}},"11":{"start":{"line":14,"column":4},"end":{"line":14,"column":18}},"12":{"start":{"line":16,"column":4},"end":{"line":16,"column":23}},"13":{"start":{"line":17,"column":4},"end":{"line":17,"column":20}},"14":{"start":{"line":18,"column":4},"end":{"line":18,"column":38}},"15":{"start":{"line":21,"column":2},"end":{"line":21,"column":31}}},"fnMap":{"0":{"name":"(anonymous_0)","decl":{"start":{"line":5,"column":29},"end":{"line":5,"column":30}},"loc":{"start":{"line":5,"column":55},"end":{"line":20,"column":1}},"line":5}},"branchMap":{"0":{"loc":{"start":{"line":7,"column":2},"end":{"line":10,"column":3}},"type":"if","locations":[{"start":{"line":7,"column":2},"end":{"line":10,"column":3}},{"start":{},"end":{}}],"line":7}},"s":{"0":1,"1":1,"2":1,"3":1,"4":3,"5":3,"6":1,"7":1,"8":2,"9":2,"10":2,"11":2,"12":0,"13":0,"14":0,"15":1},"f":{"0":3},"b":{"0":[1,2]},"_coverageSchema":"1a1c01bbd47fc00a2c39e90264f33305004495a9","hash":"b893cc2f94b24ec05e90629c5dfe812491c25a3d"}
,"/home/david/schoolprojects/T3A2-B/src/backend/src/middleware/errorMiddleware.js": {"path":"/home/david/schoolprojects/T3A2-B/src/backend/src/middleware/errorMiddleware.js","statementMap":{"0":{"start":{"line":1,"column":21},"end":{"line":8,"column":1}},"1":{"start":{"line":2,"column":23},"end":{"line":2,"column":59}},"2":{"start":{"line":3,"column":4},"end":{"line":3,"column":26}},"3":{"start":{"line":4,"column":4},"end":{"line":7,"column":6}},"4":{"start":{"line":10,"column":0},"end":{"line":12,"column":1}}},"fnMap":{"0":{"name":"(anonymous_0)","decl":{"start":{"line":1,"column":21},"end":{"line":1,"column":22}},"loc":{"start":{"line":1,"column":46},"end":{"line":8,"column":1}},"line":1}},"branchMap":{"0":{"loc":{"start":{"line":2,"column":23},"end":{"line":2,"column":59}},"type":"cond-expr","locations":[{"start":{"line":2,"column":40},"end":{"line":2,"column":54}},{"start":{"line":2,"column":56},"end":{"line":2,"column":59}}],"line":2},"1":{"loc":{"start":{"line":6,"column":15},"end":{"line":6,"column":71}},"type":"cond-expr","locations":[{"start":{"line":6,"column":55},"end":{"line":6,"column":59}},{"start":{"line":6,"column":62},"end":{"line":6,"column":71}}],"line":6}},"s":{"0":1,"1":6,"2":6,"3":6,"4":1},"f":{"0":6},"b":{"0":[6,0],"1":[6,0]},"_coverageSchema":"1a1c01bbd47fc00a2c39e90264f33305004495a9","hash":"ee35e310a10e9343aff5996f1b21e74ff234630a"}
,"/home/david/schoolprojects/T3A2-B/src/backend/src/models/patientModel.js": {"path":"/home/david/schoolprojects/T3A2-B/src/backend/src/models/patientModel.js","statementMap":{"0":{"start":{"line":1,"column":17},"end":{"line":1,"column":36}},"1":{"start":{"line":3,"column":22},"end":{"line":27,"column":2}},"2":{"start":{"line":29,"column":0},"end":{"line":29,"column":58}}},"fnMap":{},"branchMap":{},"s":{"0":1,"1":1,"2":1},"f":{},"b":{},"_coverageSchema":"1a1c01bbd47fc00a2c39e90264f33305004495a9","hash":"d101e0761ef75f4a84e219e29062ae069e8201da"}
,"/home/david/schoolprojects/T3A2-B/src/backend/src/models/userModel.js": {"path":"/home/david/schoolprojects/T3A2-B/src/backend/src/models/userModel.js","statementMap":{"0":{"start":{"line":1,"column":17},"end":{"line":1,"column":36}},"1":{"start":{"line":3,"column":19},"end":{"line":31,"column":1}},"2":{"start":{"line":33,"column":0},"end":{"line":33,"column":52}}},"fnMap":{},"branchMap":{},"s":{"0":1,"1":1,"2":1},"f":{},"b":{},"_coverageSchema":"1a1c01bbd47fc00a2c39e90264f33305004495a9","hash":"839aa366b52d69747f640687c7fe99c930d2610a"}
,"/home/david/schoolprojects/T3A2-B/src/backend/src/routes/carerRoutes.js": {"path":"/home/david/schoolprojects/T3A2-B/src/backend/src/routes/carerRoutes.js","statementMap":{"0":{"start":{"line":1,"column":16},"end":{"line":1,"column":34}},"1":{"start":{"line":2,"column":20},"end":{"line":2,"column":36}},"2":{"start":{"line":5,"column":4},"end":{"line":5,"column":45}},"3":{"start":{"line":7,"column":20},"end":{"line":7,"column":59}},"4":{"start":{"line":11,"column":0},"end":{"line":11,"column":63}},"5":{"start":{"line":15,"column":0},"end":{"line":15,"column":47}},"6":{"start":{"line":19,"column":0},"end":{"line":19,"column":77}},"7":{"start":{"line":22,"column":0},"end":{"line":22,"column":29}}},"fnMap":{},"branchMap":{},"s":{"0":1,"1":1,"2":1,"3":1,"4":1,"5":1,"6":1,"7":1},"f":{},"b":{},"_coverageSchema":"1a1c01bbd47fc00a2c39e90264f33305004495a9","hash":"3397346b1a4760d75e8ad6c1b390bcf402a664e7"}
,"/home/david/schoolprojects/T3A2-B/src/backend/src/routes/patientRoutes.js": {"path":"/home/david/schoolprojects/T3A2-B/src/backend/src/routes/patientRoutes.js","statementMap":{"0":{"start":{"line":1,"column":16},"end":{"line":1,"column":34}},"1":{"start":{"line":2,"column":22},"end":{"line":2,"column":38}},"2":{"start":{"line":5,"column":4},"end":{"line":5,"column":47}},"3":{"start":{"line":7,"column":20},"end":{"line":7,"column":59}},"4":{"start":{"line":12,"column":0},"end":{"line":12,"column":54}},"5":{"start":{"line":16,"column":0},"end":{"line":16,"column":87}},"6":{"start":{"line":20,"column":0},"end":{"line":20,"column":31}}},"fnMap":{},"branchMap":{},"s":{"0":1,"1":1,"2":1,"3":1,"4":1,"5":1,"6":1},"f":{},"b":{},"_coverageSchema":"1a1c01bbd47fc00a2c39e90264f33305004495a9","hash":"44a46133ef7f1217931a210b35c5e8b256aa8d0a"}
,"/home/david/schoolprojects/T3A2-B/src/backend/src/routes/userRoutes.js": {"path":"/home/david/schoolprojects/T3A2-B/src/backend/src/routes/userRoutes.js","statementMap":{"0":{"start":{"line":1,"column":16},"end":{"line":1,"column":34}},"1":{"start":{"line":2,"column":19},"end":{"line":2,"column":35}},"2":{"start":{"line":8,"column":4},"end":{"line":8,"column":44}},"3":{"start":{"line":9,"column":20},"end":{"line":9,"column":59}},"4":{"start":{"line":14,"column":0},"end":{"line":14,"column":43}},"5":{"start":{"line":18,"column":0},"end":{"line":18,"column":59}},"6":{"start":{"line":22,"column":0},"end":{"line":22,"column":37}},"7":{"start":{"line":26,"column":0},"end":{"line":26,"column":28}}},"fnMap":{},"branchMap":{},"s":{"0":1,"1":1,"2":1,"3":1,"4":1,"5":1,"6":1,"7":1},"f":{},"b":{},"_coverageSchema":"1a1c01bbd47fc00a2c39e90264f33305004495a9","hash":"f06b83c8feaffcc919deb77185eaf0eb8eb14fb1"}
,"/home/david/schoolprojects/T3A2-B/src/backend/src/services/email.js": {"path":"/home/david/schoolprojects/T3A2-B/src/backend/src/services/email.js","statementMap":{"0":{"start":{"line":1,"column":13},"end":{"line":1,"column":30}},"1":{"start":{"line":2,"column":0},"end":{"line":2,"column":15}},"2":{"start":{"line":3,"column":19},"end":{"line":3,"column":40}},"3":{"start":{"line":6,"column":18},"end":{"line":14,"column":2}},"4":{"start":{"line":18,"column":0},"end":{"line":45,"column":1}},"5":{"start":{"line":21,"column":8},"end":{"line":30,"column":9}},"6":{"start":{"line":22,"column":23},"end":{"line":27,"column":14}},"7":{"start":{"line":29,"column":12},"end":{"line":29,"column":30}},"8":{"start":{"line":34,"column":8},"end":{"line":43,"column":9}},"9":{"start":{"line":35,"column":23},"end":{"line":40,"column":14}},"10":{"start":{"line":42,"column":12},"end":{"line":42,"column":30}}},"fnMap":{"0":{"name":"verifyUserEmail","decl":{"start":{"line":20,"column":36},"end":{"line":20,"column":51}},"loc":{"start":{"line":20,"column":72},"end":{"line":31,"column":5}},"line":20},"1":{"name":"addCarerEmail","decl":{"start":{"line":33,"column":34},"end":{"line":33,"column":47}},"loc":{"start":{"line":33,"column":81},"end":{"line":44,"column":5}},"line":33}},"branchMap":{},"s":{"0":1,"1":1,"2":1,"3":1,"4":1,"5":0,"6":0,"7":0,"8":0,"9":0,"10":0},"f":{"0":0,"1":0},"b":{},"_coverageSchema":"1a1c01bbd47fc00a2c39e90264f33305004495a9","hash":"1b816564f82039bfb8ac486de31758415c9e1729"}
}
