{"/home/david/schoolprojects/T3A2-B/src/backend/src/server.js": {"path":"/home/david/schoolprojects/T3A2-B/src/backend/src/server.js","statementMap":{"0":{"start":{"line":1,"column":16},"end":{"line":1,"column":34}},"1":{"start":{"line":2,"column":15},"end":{"line":2,"column":41}},"2":{"start":{"line":3,"column":23},"end":{"line":3,"column":62}},"3":{"start":{"line":4,"column":18},"end":{"line":4,"column":40}},"4":{"start":{"line":5,"column":21},"end":{"line":5,"column":45}},"5":{"start":{"line":6,"column":13},"end":{"line":6,"column":37}},"6":{"start":{"line":7,"column":13},"end":{"line":7,"column":28}},"7":{"start":{"line":8,"column":19},"end":{"line":8,"column":43}},"8":{"start":{"line":11,"column":0},"end":{"line":11,"column":11}},"9":{"start":{"line":13,"column":12},"end":{"line":13,"column":21}},"10":{"start":{"line":15,"column":0},"end":{"line":15,"column":24}},"11":{"start":{"line":16,"column":0},"end":{"line":16,"column":23}},"12":{"start":{"line":17,"column":0},"end":{"line":17,"column":46}},"13":{"start":{"line":19,"column":0},"end":{"line":21,"column":3}},"14":{"start":{"line":23,"column":20},"end":{"line":27,"column":1}},"15":{"start":{"line":28,"column":0},"end":{"line":28,"column":27}},"16":{"start":{"line":30,"column":0},"end":{"line":30,"column":48}},"17":{"start":{"line":31,"column":0},"end":{"line":31,"column":54}},"18":{"start":{"line":32,"column":0},"end":{"line":32,"column":50}},"19":{"start":{"line":33,"column":0},"end":{"line":33,"column":50}},"20":{"start":{"line":35,"column":0},"end":{"line":35,"column":21}},"21":{"start":{"line":38,"column":0},"end":{"line":40,"column":3}},"22":{"start":{"line":39,"column":2},"end":{"line":39,"column":32}},"23":{"start":{"line":42,"column":0},"end":{"line":42,"column":21}}},"fnMap":{"0":{"name":"(anonymous_0)","decl":{"start":{"line":38,"column":17},"end":{"line":38,"column":18}},"loc":{"start":{"line":38,"column":23},"end":{"line":40,"column":1}},"line":38}},"branchMap":{"0":{"loc":{"start":{"line":6,"column":13},"end":{"line":6,"column":37}},"type":"binary-expr","locations":[{"start":{"line":6,"column":13},"end":{"line":6,"column":29}},{"start":{"line":6,"column":33},"end":{"line":6,"column":37}}],"line":6}},"s":{"0":1,"1":1,"2":1,"3":1,"4":1,"5":1,"6":1,"7":1,"8":1,"9":1,"10":1,"11":1,"12":1,"13":1,"14":1,"15":1,"16":1,"17":1,"18":1,"19":1,"20":1,"21":1,"22":1,"23":1},"f":{"0":1},"b":{"0":[1,0]},"_coverageSchema":"1a1c01bbd47fc00a2c39e90264f33305004495a9","hash":"e07fdf8a1d5b1569d309d11deba66463f2d0146d"}
,"/home/david/schoolprojects/T3A2-B/src/backend/src/config/db.js": {"path":"/home/david/schoolprojects/T3A2-B/src/backend/src/config/db.js","statementMap":{"0":{"start":{"line":1,"column":17},"end":{"line":1,"column":36}},"1":{"start":{"line":2,"column":15},"end":{"line":2,"column":41}},"2":{"start":{"line":4,"column":18},"end":{"line":13,"column":1}},"3":{"start":{"line":5,"column":2},"end":{"line":12,"column":3}},"4":{"start":{"line":6,"column":4},"end":{"line":6,"column":39}},"5":{"start":{"line":7,"column":17},"end":{"line":7,"column":62}},"6":{"start":{"line":8,"column":4},"end":{"line":8,"column":62}},"7":{"start":{"line":10,"column":4},"end":{"line":10,"column":23}},"8":{"start":{"line":11,"column":4},"end":{"line":11,"column":20}},"9":{"start":{"line":15,"column":0},"end":{"line":15,"column":27}}},"fnMap":{"0":{"name":"(anonymous_0)","decl":{"start":{"line":4,"column":18},"end":{"line":4,"column":19}},"loc":{"start":{"line":4,"column":30},"end":{"line":13,"column":1}},"line":4}},"branchMap":{},"s":{"0":1,"1":1,"2":1,"3":1,"4":1,"5":1,"6":1,"7":0,"8":0,"9":1},"f":{"0":1},"b":{},"_coverageSchema":"1a1c01bbd47fc00a2c39e90264f33305004495a9","hash":"90672fc54acc99731d756f809d8b9084bc89bec5"}
,"/home/david/schoolprojects/T3A2-B/src/backend/src/controllers/carerController.js": {"path":"/home/david/schoolprojects/T3A2-B/src/backend/src/controllers/carerController.js","statementMap":{"0":{"start":{"line":1,"column":21},"end":{"line":1,"column":53}},"1":{"start":{"line":2,"column":12},"end":{"line":2,"column":35}},"2":{"start":{"line":3,"column":19},"end":{"line":3,"column":40}},"3":{"start":{"line":4,"column":13},"end":{"line":4,"column":43}},"4":{"start":{"line":5,"column":16},"end":{"line":5,"column":49}},"5":{"start":{"line":6,"column":15},"end":{"line":6,"column":43}},"6":{"start":{"line":12,"column":24},"end":{"line":66,"column":2}},"7":{"start":{"line":14,"column":18},"end":{"line":14,"column":55}},"8":{"start":{"line":17,"column":2},"end":{"line":20,"column":3}},"9":{"start":{"line":18,"column":4},"end":{"line":18,"column":20}},"10":{"start":{"line":19,"column":4},"end":{"line":19,"column":41}},"11":{"start":{"line":23,"column":16},"end":{"line":23,"column":61}},"12":{"start":{"line":26,"column":2},"end":{"line":29,"column":3}},"13":{"start":{"line":27,"column":4},"end":{"line":27,"column":20}},"14":{"start":{"line":28,"column":4},"end":{"line":28,"column":57}},"15":{"start":{"line":32,"column":15},"end":{"line":32,"column":47}},"16":{"start":{"line":35,"column":2},"end":{"line":38,"column":3}},"17":{"start":{"line":36,"column":4},"end":{"line":36,"column":20}},"18":{"start":{"line":37,"column":4},"end":{"line":37,"column":46}},"19":{"start":{"line":41,"column":26},"end":{"line":41,"column":68}},"20":{"start":{"line":44,"column":18},"end":{"line":44,"column":26}},"21":{"start":{"line":47,"column":20},"end":{"line":47,"column":30}},"22":{"start":{"line":50,"column":21},"end":{"line":52,"column":4}},"23":{"start":{"line":55,"column":2},"end":{"line":60,"column":4}},"24":{"start":{"line":63,"column":2},"end":{"line":65,"column":5}},"25":{"start":{"line":72,"column":17},"end":{"line":110,"column":2}},"26":{"start":{"line":74,"column":17},"end":{"line":74,"column":45}},"27":{"start":{"line":77,"column":33},"end":{"line":77,"column":39}},"28":{"start":{"line":80,"column":18},"end":{"line":80,"column":51}},"29":{"start":{"line":83,"column":16},"end":{"line":83,"column":44}},"30":{"start":{"line":86,"column":2},"end":{"line":89,"column":3}},"31":{"start":{"line":87,"column":4},"end":{"line":87,"column":20}},"32":{"start":{"line":88,"column":4},"end":{"line":88,"column":41}},"33":{"start":{"line":92,"column":2},"end":{"line":95,"column":3}},"34":{"start":{"line":93,"column":4},"end":{"line":93,"column":20}},"35":{"start":{"line":94,"column":4},"end":{"line":94,"column":57}},"36":{"start":{"line":99,"column":2},"end":{"line":109,"column":3}},"37":{"start":{"line":100,"column":27},"end":{"line":104,"column":5}},"38":{"start":{"line":105,"column":4},"end":{"line":105,"column":41}},"39":{"start":{"line":107,"column":4},"end":{"line":107,"column":20}},"40":{"start":{"line":108,"column":4},"end":{"line":108,"column":44}},"41":{"start":{"line":116,"column":20},"end":{"line":151,"column":2}},"42":{"start":{"line":118,"column":18},"end":{"line":118,"column":62}},"43":{"start":{"line":121,"column":2},"end":{"line":124,"column":3}},"44":{"start":{"line":122,"column":4},"end":{"line":122,"column":20}},"45":{"start":{"line":123,"column":4},"end":{"line":123,"column":41}},"46":{"start":{"line":127,"column":15},"end":{"line":127,"column":47}},"47":{"start":{"line":130,"column":2},"end":{"line":133,"column":3}},"48":{"start":{"line":131,"column":4},"end":{"line":131,"column":20}},"49":{"start":{"line":132,"column":4},"end":{"line":132,"column":46}},"50":{"start":{"line":136,"column":18},"end":{"line":136,"column":36}},"51":{"start":{"line":140,"column":2},"end":{"line":150,"column":3}},"52":{"start":{"line":141,"column":27},"end":{"line":145,"column":5}},"53":{"start":{"line":146,"column":4},"end":{"line":146,"column":41}},"54":{"start":{"line":148,"column":4},"end":{"line":148,"column":20}},"55":{"start":{"line":149,"column":4},"end":{"line":149,"column":44}},"56":{"start":{"line":153,"column":0},"end":{"line":157,"column":2}}},"fnMap":{"0":{"name":"(anonymous_0)","decl":{"start":{"line":12,"column":37},"end":{"line":12,"column":38}},"loc":{"start":{"line":12,"column":57},"end":{"line":66,"column":1}},"line":12},"1":{"name":"(anonymous_1)","decl":{"start":{"line":72,"column":30},"end":{"line":72,"column":31}},"loc":{"start":{"line":72,"column":50},"end":{"line":110,"column":1}},"line":72},"2":{"name":"(anonymous_2)","decl":{"start":{"line":116,"column":33},"end":{"line":116,"column":34}},"loc":{"start":{"line":116,"column":53},"end":{"line":151,"column":1}},"line":116}},"branchMap":{"0":{"loc":{"start":{"line":17,"column":2},"end":{"line":20,"column":3}},"type":"if","locations":[{"start":{"line":17,"column":2},"end":{"line":20,"column":3}},{"start":{},"end":{}}],"line":17},"1":{"loc":{"start":{"line":26,"column":2},"end":{"line":29,"column":3}},"type":"if","locations":[{"start":{"line":26,"column":2},"end":{"line":29,"column":3}},{"start":{},"end":{}}],"line":26},"2":{"loc":{"start":{"line":35,"column":2},"end":{"line":38,"column":3}},"type":"if","locations":[{"start":{"line":35,"column":2},"end":{"line":38,"column":3}},{"start":{},"end":{}}],"line":35},"3":{"loc":{"start":{"line":86,"column":2},"end":{"line":89,"column":3}},"type":"if","locations":[{"start":{"line":86,"column":2},"end":{"line":89,"column":3}},{"start":{},"end":{}}],"line":86},"4":{"loc":{"start":{"line":92,"column":2},"end":{"line":95,"column":3}},"type":"if","locations":[{"start":{"line":92,"column":2},"end":{"line":95,"column":3}},{"start":{},"end":{}}],"line":92},"5":{"loc":{"start":{"line":99,"column":2},"end":{"line":109,"column":3}},"type":"if","locations":[{"start":{"line":99,"column":2},"end":{"line":109,"column":3}},{"start":{"line":106,"column":9},"end":{"line":109,"column":3}}],"line":99},"6":{"loc":{"start":{"line":121,"column":2},"end":{"line":124,"column":3}},"type":"if","locations":[{"start":{"line":121,"column":2},"end":{"line":124,"column":3}},{"start":{},"end":{}}],"line":121},"7":{"loc":{"start":{"line":130,"column":2},"end":{"line":133,"column":3}},"type":"if","locations":[{"start":{"line":130,"column":2},"end":{"line":133,"column":3}},{"start":{},"end":{}}],"line":130},"8":{"loc":{"start":{"line":140,"column":2},"end":{"line":150,"column":3}},"type":"if","locations":[{"start":{"line":140,"column":2},"end":{"line":150,"column":3}},{"start":{"line":147,"column":9},"end":{"line":150,"column":3}}],"line":140}},"s":{"0":1,"1":1,"2":1,"3":1,"4":1,"5":1,"6":1,"7":4,"8":4,"9":1,"10":1,"11":3,"12":3,"13":1,"14":1,"15":2,"16":2,"17":1,"18":1,"19":1,"20":1,"21":1,"22":1,"23":1,"24":1,"25":1,"26":3,"27":3,"28":3,"29":3,"30":3,"31":0,"32":0,"33":3,"34":1,"35":1,"36":2,"37":1,"38":1,"39":1,"40":1,"41":1,"42":4,"43":4,"44":1,"45":1,"46":3,"47":3,"48":1,"49":1,"50":2,"51":2,"52":1,"53":1,"54":1,"55":1,"56":1},"f":{"0":4,"1":3,"2":4},"b":{"0":[1,3],"1":[1,2],"2":[1,1],"3":[0,3],"4":[1,2],"5":[1,1],"6":[1,3],"7":[1,2],"8":[1,1]},"_coverageSchema":"1a1c01bbd47fc00a2c39e90264f33305004495a9","hash":"3c1757b75149e63ac0a93a18b0ab3290058990db"}
,"/home/david/schoolprojects/T3A2-B/src/backend/src/controllers/patientController.js": {"path":"/home/david/schoolprojects/T3A2-B/src/backend/src/controllers/patientController.js","statementMap":{"0":{"start":{"line":1,"column":21},"end":{"line":1,"column":53}},"1":{"start":{"line":2,"column":13},"end":{"line":2,"column":43}},"2":{"start":{"line":3,"column":16},"end":{"line":3,"column":49}},"3":{"start":{"line":9,"column":22},"end":{"line":38,"column":2}},"4":{"start":{"line":10,"column":34},"end":{"line":10,"column":42}},"5":{"start":{"line":11,"column":22},"end":{"line":11,"column":33}},"6":{"start":{"line":14,"column":2},"end":{"line":17,"column":3}},"7":{"start":{"line":15,"column":4},"end":{"line":15,"column":20}},"8":{"start":{"line":16,"column":4},"end":{"line":16,"column":50}},"9":{"start":{"line":20,"column":18},"end":{"line":24,"column":4}},"10":{"start":{"line":27,"column":2},"end":{"line":37,"column":3}},"11":{"start":{"line":28,"column":4},"end":{"line":33,"column":7}},"12":{"start":{"line":35,"column":4},"end":{"line":35,"column":20}},"13":{"start":{"line":36,"column":4},"end":{"line":36,"column":36}},"14":{"start":{"line":44,"column":22},"end":{"line":71,"column":2}},"15":{"start":{"line":45,"column":18},"end":{"line":45,"column":55}},"16":{"start":{"line":48,"column":2},"end":{"line":51,"column":3}},"17":{"start":{"line":49,"column":4},"end":{"line":49,"column":20}},"18":{"start":{"line":50,"column":4},"end":{"line":50,"column":41}},"19":{"start":{"line":53,"column":15},"end":{"line":53,"column":47}},"20":{"start":{"line":58,"column":2},"end":{"line":61,"column":3}},"21":{"start":{"line":59,"column":4},"end":{"line":59,"column":20}},"22":{"start":{"line":60,"column":4},"end":{"line":60,"column":46}},"23":{"start":{"line":63,"column":25},"end":{"line":69,"column":3}},"24":{"start":{"line":70,"column":2},"end":{"line":70,"column":39}},"25":{"start":{"line":77,"column":22},"end":{"line":96,"column":2}},"26":{"start":{"line":78,"column":18},"end":{"line":78,"column":55}},"27":{"start":{"line":81,"column":2},"end":{"line":84,"column":3}},"28":{"start":{"line":82,"column":4},"end":{"line":82,"column":20}},"29":{"start":{"line":83,"column":4},"end":{"line":83,"column":41}},"30":{"start":{"line":86,"column":15},"end":{"line":86,"column":47}},"31":{"start":{"line":89,"column":2},"end":{"line":92,"column":3}},"32":{"start":{"line":90,"column":4},"end":{"line":90,"column":20}},"33":{"start":{"line":91,"column":4},"end":{"line":91,"column":46}},"34":{"start":{"line":94,"column":2},"end":{"line":94,"column":25}},"35":{"start":{"line":95,"column":2},"end":{"line":95,"column":72}},"36":{"start":{"line":98,"column":23},"end":{"line":144,"column":2}},"37":{"start":{"line":99,"column":18},"end":{"line":101,"column":11}},"38":{"start":{"line":104,"column":2},"end":{"line":107,"column":3}},"39":{"start":{"line":105,"column":4},"end":{"line":105,"column":20}},"40":{"start":{"line":106,"column":4},"end":{"line":106,"column":41}},"41":{"start":{"line":110,"column":15},"end":{"line":110,"column":47}},"42":{"start":{"line":113,"column":2},"end":{"line":119,"column":3}},"43":{"start":{"line":117,"column":4},"end":{"line":117,"column":20}},"44":{"start":{"line":118,"column":4},"end":{"line":118,"column":46}},"45":{"start":{"line":122,"column":2},"end":{"line":126,"column":3}},"46":{"start":{"line":123,"column":4},"end":{"line":123,"column":36}},"47":{"start":{"line":125,"column":4},"end":{"line":125,"column":37}},"48":{"start":{"line":129,"column":2},"end":{"line":136,"column":3}},"49":{"start":{"line":130,"column":19},"end":{"line":134,"column":25}},"50":{"start":{"line":135,"column":4},"end":{"line":135,"column":28}},"51":{"start":{"line":138,"column":22},"end":{"line":140,"column":23}},"52":{"start":{"line":141,"column":2},"end":{"line":141,"column":39}},"53":{"start":{"line":143,"column":2},"end":{"line":143,"column":36}},"54":{"start":{"line":146,"column":0},"end":{"line":151,"column":2}}},"fnMap":{"0":{"name":"(anonymous_0)","decl":{"start":{"line":9,"column":35},"end":{"line":9,"column":36}},"loc":{"start":{"line":9,"column":55},"end":{"line":38,"column":1}},"line":9},"1":{"name":"(anonymous_1)","decl":{"start":{"line":44,"column":35},"end":{"line":44,"column":36}},"loc":{"start":{"line":44,"column":55},"end":{"line":71,"column":1}},"line":44},"2":{"name":"(anonymous_2)","decl":{"start":{"line":77,"column":35},"end":{"line":77,"column":36}},"loc":{"start":{"line":77,"column":55},"end":{"line":96,"column":1}},"line":77},"3":{"name":"(anonymous_3)","decl":{"start":{"line":98,"column":36},"end":{"line":98,"column":37}},"loc":{"start":{"line":98,"column":56},"end":{"line":144,"column":1}},"line":98}},"branchMap":{"0":{"loc":{"start":{"line":14,"column":2},"end":{"line":17,"column":3}},"type":"if","locations":[{"start":{"line":14,"column":2},"end":{"line":17,"column":3}},{"start":{},"end":{}}],"line":14},"1":{"loc":{"start":{"line":14,"column":6},"end":{"line":14,"column":29}},"type":"binary-expr","locations":[{"start":{"line":14,"column":6},"end":{"line":14,"column":16}},{"start":{"line":14,"column":20},"end":{"line":14,"column":29}}],"line":14},"2":{"loc":{"start":{"line":27,"column":2},"end":{"line":37,"column":3}},"type":"if","locations":[{"start":{"line":27,"column":2},"end":{"line":37,"column":3}},{"start":{"line":34,"column":9},"end":{"line":37,"column":3}}],"line":27},"3":{"loc":{"start":{"line":48,"column":2},"end":{"line":51,"column":3}},"type":"if","locations":[{"start":{"line":48,"column":2},"end":{"line":51,"column":3}},{"start":{},"end":{}}],"line":48},"4":{"loc":{"start":{"line":58,"column":2},"end":{"line":61,"column":3}},"type":"if","locations":[{"start":{"line":58,"column":2},"end":{"line":61,"column":3}},{"start":{},"end":{}}],"line":58},"5":{"loc":{"start":{"line":81,"column":2},"end":{"line":84,"column":3}},"type":"if","locations":[{"start":{"line":81,"column":2},"end":{"line":84,"column":3}},{"start":{},"end":{}}],"line":81},"6":{"loc":{"start":{"line":89,"column":2},"end":{"line":92,"column":3}},"type":"if","locations":[{"start":{"line":89,"column":2},"end":{"line":92,"column":3}},{"start":{},"end":{}}],"line":89},"7":{"loc":{"start":{"line":104,"column":2},"end":{"line":107,"column":3}},"type":"if","locations":[{"start":{"line":104,"column":2},"end":{"line":107,"column":3}},{"start":{},"end":{}}],"line":104},"8":{"loc":{"start":{"line":113,"column":2},"end":{"line":119,"column":3}},"type":"if","locations":[{"start":{"line":113,"column":2},"end":{"line":119,"column":3}},{"start":{},"end":{}}],"line":113},"9":{"loc":{"start":{"line":114,"column":4},"end":{"line":115,"column":48}},"type":"binary-expr","locations":[{"start":{"line":114,"column":4},"end":{"line":114,"column":46}},{"start":{"line":115,"column":4},"end":{"line":115,"column":48}}],"line":114},"10":{"loc":{"start":{"line":122,"column":2},"end":{"line":126,"column":3}},"type":"if","locations":[{"start":{"line":122,"column":2},"end":{"line":126,"column":3}},{"start":{"line":124,"column":9},"end":{"line":126,"column":3}}],"line":122},"11":{"loc":{"start":{"line":129,"column":2},"end":{"line":136,"column":3}},"type":"if","locations":[{"start":{"line":129,"column":2},"end":{"line":136,"column":3}},{"start":{},"end":{}}],"line":129}},"s":{"0":1,"1":1,"2":1,"3":1,"4":2,"5":2,"6":2,"7":1,"8":1,"9":1,"10":1,"11":1,"12":0,"13":0,"14":1,"15":3,"16":3,"17":1,"18":1,"19":2,"20":2,"21":1,"22":1,"23":1,"24":1,"25":1,"26":3,"27":3,"28":1,"29":1,"30":2,"31":2,"32":1,"33":1,"34":1,"35":1,"36":1,"37":3,"38":3,"39":1,"40":1,"41":2,"42":2,"43":1,"44":1,"45":1,"46":1,"47":0,"48":1,"49":1,"50":1,"51":1,"52":1,"53":1,"54":1},"f":{"0":2,"1":3,"2":3,"3":3},"b":{"0":[1,1],"1":[2,2],"2":[1,0],"3":[1,2],"4":[1,1],"5":[1,2],"6":[1,1],"7":[1,2],"8":[1,1],"9":[2,1],"10":[1,0],"11":[1,0]},"_coverageSchema":"1a1c01bbd47fc00a2c39e90264f33305004495a9","hash":"94f18dbb7cd52de6060c3d9e7e820b08ccd1d12b"}
,"/home/david/schoolprojects/T3A2-B/src/backend/src/controllers/shiftController.js": {"path":"/home/david/schoolprojects/T3A2-B/src/backend/src/controllers/shiftController.js","statementMap":{"0":{"start":{"line":1,"column":21},"end":{"line":1,"column":53}},"1":{"start":{"line":2,"column":13},"end":{"line":2,"column":43}},"2":{"start":{"line":3,"column":16},"end":{"line":3,"column":49}},"3":{"start":{"line":4,"column":14},"end":{"line":4,"column":45}},"4":{"start":{"line":5,"column":40},"end":{"line":5,"column":72}},"5":{"start":{"line":11,"column":22},"end":{"line":20,"column":2}},"6":{"start":{"line":13,"column":15},"end":{"line":13,"column":47}},"7":{"start":{"line":16,"column":21},"end":{"line":16,"column":57}},"8":{"start":{"line":19,"column":2},"end":{"line":19,"column":35}},"9":{"start":{"line":26,"column":25},"end":{"line":57,"column":2}},"10":{"start":{"line":28,"column":15},"end":{"line":28,"column":47}},"11":{"start":{"line":30,"column":18},"end":{"line":30,"column":62}},"12":{"start":{"line":33,"column":2},"end":{"line":36,"column":3}},"13":{"start":{"line":34,"column":4},"end":{"line":34,"column":20}},"14":{"start":{"line":35,"column":4},"end":{"line":35,"column":41}},"15":{"start":{"line":39,"column":2},"end":{"line":45,"column":3}},"16":{"start":{"line":43,"column":4},"end":{"line":43,"column":20}},"17":{"start":{"line":44,"column":4},"end":{"line":44,"column":46}},"18":{"start":{"line":48,"column":24},"end":{"line":55,"column":4}},"19":{"start":{"line":56,"column":2},"end":{"line":56,"column":38}},"20":{"start":{"line":63,"column":20},"end":{"line":112,"column":2}},"21":{"start":{"line":64,"column":70},"end":{"line":64,"column":78}},"22":{"start":{"line":67,"column":15},"end":{"line":67,"column":47}},"23":{"start":{"line":70,"column":18},"end":{"line":70,"column":62}},"24":{"start":{"line":73,"column":2},"end":{"line":76,"column":3}},"25":{"start":{"line":74,"column":4},"end":{"line":74,"column":20}},"26":{"start":{"line":75,"column":4},"end":{"line":75,"column":41}},"27":{"start":{"line":79,"column":16},"end":{"line":79,"column":44}},"28":{"start":{"line":82,"column":2},"end":{"line":85,"column":3}},"29":{"start":{"line":83,"column":4},"end":{"line":83,"column":20}},"30":{"start":{"line":84,"column":4},"end":{"line":84,"column":46}},"31":{"start":{"line":88,"column":16},"end":{"line":95,"column":4}},"32":{"start":{"line":98,"column":2},"end":{"line":111,"column":3}},"33":{"start":{"line":99,"column":4},"end":{"line":107,"column":7}},"34":{"start":{"line":109,"column":4},"end":{"line":109,"column":20}},"35":{"start":{"line":110,"column":4},"end":{"line":110,"column":36}},"36":{"start":{"line":118,"column":20},"end":{"line":140,"column":2}},"37":{"start":{"line":120,"column":15},"end":{"line":120,"column":47}},"38":{"start":{"line":123,"column":16},"end":{"line":123,"column":56}},"39":{"start":{"line":126,"column":2},"end":{"line":129,"column":3}},"40":{"start":{"line":127,"column":4},"end":{"line":127,"column":20}},"41":{"start":{"line":128,"column":4},"end":{"line":128,"column":46}},"42":{"start":{"line":132,"column":23},"end":{"line":138,"column":3}},"43":{"start":{"line":139,"column":2},"end":{"line":139,"column":37}},"44":{"start":{"line":146,"column":20},"end":{"line":162,"column":2}},"45":{"start":{"line":148,"column":15},"end":{"line":148,"column":47}},"46":{"start":{"line":151,"column":16},"end":{"line":151,"column":56}},"47":{"start":{"line":154,"column":2},"end":{"line":157,"column":3}},"48":{"start":{"line":155,"column":4},"end":{"line":155,"column":20}},"49":{"start":{"line":156,"column":4},"end":{"line":156,"column":46}},"50":{"start":{"line":160,"column":2},"end":{"line":160,"column":23}},"51":{"start":{"line":161,"column":2},"end":{"line":161,"column":75}},"52":{"start":{"line":168,"column":25},"end":{"line":227,"column":2}},"53":{"start":{"line":170,"column":21},"end":{"line":170,"column":40}},"54":{"start":{"line":173,"column":2},"end":{"line":176,"column":3}},"55":{"start":{"line":174,"column":4},"end":{"line":174,"column":20}},"56":{"start":{"line":175,"column":4},"end":{"line":175,"column":50}},"57":{"start":{"line":179,"column":15},"end":{"line":179,"column":47}},"58":{"start":{"line":182,"column":16},"end":{"line":182,"column":56}},"59":{"start":{"line":185,"column":2},"end":{"line":188,"column":3}},"60":{"start":{"line":186,"column":4},"end":{"line":186,"column":20}},"61":{"start":{"line":187,"column":4},"end":{"line":187,"column":46}},"62":{"start":{"line":191,"column":18},"end":{"line":193,"column":23}},"63":{"start":{"line":196,"column":16},"end":{"line":198,"column":23}},"64":{"start":{"line":201,"column":19},"end":{"line":208,"column":3}},"65":{"start":{"line":211,"column":17},"end":{"line":211,"column":78}},"66":{"start":{"line":214,"column":23},"end":{"line":225,"column":3}},"67":{"start":{"line":226,"column":2},"end":{"line":226,"column":37}},"68":{"start":{"line":233,"column":29},"end":{"line":298,"column":2}},"69":{"start":{"line":235,"column":25},"end":{"line":235,"column":48}},"70":{"start":{"line":238,"column":2},"end":{"line":241,"column":3}},"71":{"start":{"line":239,"column":4},"end":{"line":239,"column":20}},"72":{"start":{"line":240,"column":4},"end":{"line":240,"column":50}},"73":{"start":{"line":244,"column":15},"end":{"line":244,"column":47}},"74":{"start":{"line":247,"column":16},"end":{"line":247,"column":56}},"75":{"start":{"line":250,"column":2},"end":{"line":253,"column":3}},"76":{"start":{"line":251,"column":4},"end":{"line":251,"column":20}},"77":{"start":{"line":252,"column":4},"end":{"line":252,"column":46}},"78":{"start":{"line":256,"column":18},"end":{"line":258,"column":23}},"79":{"start":{"line":261,"column":16},"end":{"line":263,"column":23}},"80":{"start":{"line":266,"column":22},"end":{"line":273,"column":3}},"81":{"start":{"line":276,"column":17},"end":{"line":280,"column":3}},"82":{"start":{"line":283,"column":28},"end":{"line":296,"column":3}},"83":{"start":{"line":297,"column":2},"end":{"line":297,"column":42}},"84":{"start":{"line":300,"column":0},"end":{"line":308,"column":2}}},"fnMap":{"0":{"name":"(anonymous_0)","decl":{"start":{"line":11,"column":35},"end":{"line":11,"column":36}},"loc":{"start":{"line":11,"column":55},"end":{"line":20,"column":1}},"line":11},"1":{"name":"(anonymous_1)","decl":{"start":{"line":26,"column":38},"end":{"line":26,"column":39}},"loc":{"start":{"line":26,"column":58},"end":{"line":57,"column":1}},"line":26},"2":{"name":"(anonymous_2)","decl":{"start":{"line":63,"column":33},"end":{"line":63,"column":34}},"loc":{"start":{"line":63,"column":53},"end":{"line":112,"column":1}},"line":63},"3":{"name":"(anonymous_3)","decl":{"start":{"line":118,"column":33},"end":{"line":118,"column":34}},"loc":{"start":{"line":118,"column":53},"end":{"line":140,"column":1}},"line":118},"4":{"name":"(anonymous_4)","decl":{"start":{"line":146,"column":33},"end":{"line":146,"column":34}},"loc":{"start":{"line":146,"column":53},"end":{"line":162,"column":1}},"line":146},"5":{"name":"(anonymous_5)","decl":{"start":{"line":168,"column":38},"end":{"line":168,"column":39}},"loc":{"start":{"line":168,"column":58},"end":{"line":227,"column":1}},"line":168},"6":{"name":"(anonymous_6)","decl":{"start":{"line":233,"column":42},"end":{"line":233,"column":43}},"loc":{"start":{"line":233,"column":62},"end":{"line":298,"column":1}},"line":233}},"branchMap":{"0":{"loc":{"start":{"line":33,"column":2},"end":{"line":36,"column":3}},"type":"if","locations":[{"start":{"line":33,"column":2},"end":{"line":36,"column":3}},{"start":{},"end":{}}],"line":33},"1":{"loc":{"start":{"line":39,"column":2},"end":{"line":45,"column":3}},"type":"if","locations":[{"start":{"line":39,"column":2},"end":{"line":45,"column":3}},{"start":{},"end":{}}],"line":39},"2":{"loc":{"start":{"line":40,"column":4},"end":{"line":41,"column":48}},"type":"binary-expr","locations":[{"start":{"line":40,"column":4},"end":{"line":40,"column":46}},{"start":{"line":41,"column":4},"end":{"line":41,"column":48}}],"line":40},"3":{"loc":{"start":{"line":73,"column":2},"end":{"line":76,"column":3}},"type":"if","locations":[{"start":{"line":73,"column":2},"end":{"line":76,"column":3}},{"start":{},"end":{}}],"line":73},"4":{"loc":{"start":{"line":82,"column":2},"end":{"line":85,"column":3}},"type":"if","locations":[{"start":{"line":82,"column":2},"end":{"line":85,"column":3}},{"start":{},"end":{}}],"line":82},"5":{"loc":{"start":{"line":98,"column":2},"end":{"line":111,"column":3}},"type":"if","locations":[{"start":{"line":98,"column":2},"end":{"line":111,"column":3}},{"start":{"line":108,"column":9},"end":{"line":111,"column":3}}],"line":98},"6":{"loc":{"start":{"line":126,"column":2},"end":{"line":129,"column":3}},"type":"if","locations":[{"start":{"line":126,"column":2},"end":{"line":129,"column":3}},{"start":{},"end":{}}],"line":126},"7":{"loc":{"start":{"line":154,"column":2},"end":{"line":157,"column":3}},"type":"if","locations":[{"start":{"line":154,"column":2},"end":{"line":157,"column":3}},{"start":{},"end":{}}],"line":154},"8":{"loc":{"start":{"line":173,"column":2},"end":{"line":176,"column":3}},"type":"if","locations":[{"start":{"line":173,"column":2},"end":{"line":176,"column":3}},{"start":{},"end":{}}],"line":173},"9":{"loc":{"start":{"line":185,"column":2},"end":{"line":188,"column":3}},"type":"if","locations":[{"start":{"line":185,"column":2},"end":{"line":188,"column":3}},{"start":{},"end":{}}],"line":185},"10":{"loc":{"start":{"line":238,"column":2},"end":{"line":241,"column":3}},"type":"if","locations":[{"start":{"line":238,"column":2},"end":{"line":241,"column":3}},{"start":{},"end":{}}],"line":238},"11":{"loc":{"start":{"line":250,"column":2},"end":{"line":253,"column":3}},"type":"if","locations":[{"start":{"line":250,"column":2},"end":{"line":253,"column":3}},{"start":{},"end":{}}],"line":250}},"s":{"0":1,"1":1,"2":1,"3":1,"4":1,"5":1,"6":1,"7":1,"8":1,"9":1,"10":3,"11":3,"12":3,"13":1,"14":1,"15":2,"16":1,"17":1,"18":1,"19":1,"20":1,"21":3,"22":3,"23":3,"24":3,"25":1,"26":1,"27":2,"28":2,"29":1,"30":1,"31":1,"32":1,"33":1,"34":0,"35":0,"36":1,"37":2,"38":2,"39":2,"40":1,"41":1,"42":1,"43":1,"44":1,"45":2,"46":2,"47":2,"48":1,"49":1,"50":1,"51":1,"52":1,"53":3,"54":3,"55":1,"56":1,"57":2,"58":2,"59":2,"60":1,"61":1,"62":1,"63":1,"64":1,"65":1,"66":1,"67":1,"68":1,"69":3,"70":3,"71":1,"72":1,"73":2,"74":2,"75":2,"76":1,"77":1,"78":1,"79":1,"80":1,"81":1,"82":1,"83":1,"84":1},"f":{"0":1,"1":3,"2":3,"3":2,"4":2,"5":3,"6":3},"b":{"0":[1,2],"1":[1,1],"2":[2,1],"3":[1,2],"4":[1,1],"5":[1,0],"6":[1,1],"7":[1,1],"8":[1,2],"9":[1,1],"10":[1,2],"11":[1,1]},"_coverageSchema":"1a1c01bbd47fc00a2c39e90264f33305004495a9","hash":"c69f3ac822071f8db4760fe5c7237709bdc154ad"}
,"/home/david/schoolprojects/T3A2-B/src/backend/src/controllers/userController.js": {"path":"/home/david/schoolprojects/T3A2-B/src/backend/src/controllers/userController.js","statementMap":{"0":{"start":{"line":1,"column":21},"end":{"line":1,"column":53}},"1":{"start":{"line":2,"column":12},"end":{"line":2,"column":35}},"2":{"start":{"line":3,"column":19},"end":{"line":3,"column":40}},"3":{"start":{"line":4,"column":15},"end":{"line":4,"column":34}},"4":{"start":{"line":5,"column":13},"end":{"line":5,"column":43}},"5":{"start":{"line":6,"column":16},"end":{"line":6,"column":49}},"6":{"start":{"line":7,"column":14},"end":{"line":7,"column":45}},"7":{"start":{"line":8,"column":15},"end":{"line":8,"column":43}},"8":{"start":{"line":14,"column":21},"end":{"line":61,"column":2}},"9":{"start":{"line":15,"column":51},"end":{"line":15,"column":59}},"10":{"start":{"line":18,"column":2},"end":{"line":21,"column":3}},"11":{"start":{"line":19,"column":4},"end":{"line":19,"column":20}},"12":{"start":{"line":20,"column":4},"end":{"line":20,"column":50}},"13":{"start":{"line":24,"column":21},"end":{"line":24,"column":50}},"14":{"start":{"line":25,"column":2},"end":{"line":28,"column":3}},"15":{"start":{"line":26,"column":4},"end":{"line":26,"column":20}},"16":{"start":{"line":27,"column":4},"end":{"line":27,"column":73}},"17":{"start":{"line":31,"column":15},"end":{"line":31,"column":39}},"18":{"start":{"line":32,"column":25},"end":{"line":32,"column":58}},"19":{"start":{"line":35,"column":15},"end":{"line":40,"column":4}},"20":{"start":{"line":43,"column":21},"end":{"line":45,"column":4}},"21":{"start":{"line":48,"column":2},"end":{"line":48,"column":55}},"22":{"start":{"line":50,"column":2},"end":{"line":60,"column":3}},"23":{"start":{"line":51,"column":4},"end":{"line":56,"column":7}},"24":{"start":{"line":58,"column":4},"end":{"line":58,"column":20}},"25":{"start":{"line":59,"column":4},"end":{"line":59,"column":36}},"26":{"start":{"line":67,"column":26},"end":{"line":85,"column":2}},"27":{"start":{"line":69,"column":17},"end":{"line":69,"column":45}},"28":{"start":{"line":72,"column":15},"end":{"line":72,"column":58}},"29":{"start":{"line":75,"column":2},"end":{"line":78,"column":3}},"30":{"start":{"line":76,"column":4},"end":{"line":76,"column":20}},"31":{"start":{"line":77,"column":4},"end":{"line":77,"column":38}},"32":{"start":{"line":80,"column":21},"end":{"line":82,"column":4}},"33":{"start":{"line":84,"column":2},"end":{"line":84,"column":69}},"34":{"start":{"line":91,"column":18},"end":{"line":133,"column":2}},"35":{"start":{"line":92,"column":30},"end":{"line":92,"column":38}},"36":{"start":{"line":95,"column":15},"end":{"line":95,"column":44}},"37":{"start":{"line":98,"column":13},"end":{"line":98,"column":20}},"38":{"start":{"line":101,"column":2},"end":{"line":104,"column":3}},"39":{"start":{"line":102,"column":4},"end":{"line":102,"column":20}},"40":{"start":{"line":103,"column":4},"end":{"line":103,"column":50}},"41":{"start":{"line":107,"column":2},"end":{"line":110,"column":3}},"42":{"start":{"line":108,"column":4},"end":{"line":108,"column":20}},"43":{"start":{"line":109,"column":4},"end":{"line":109,"column":49}},"44":{"start":{"line":113,"column":21},"end":{"line":115,"column":4}},"45":{"start":{"line":118,"column":2},"end":{"line":128,"column":3}},"46":{"start":{"line":119,"column":4},"end":{"line":124,"column":39}},"47":{"start":{"line":126,"column":4},"end":{"line":126,"column":20}},"48":{"start":{"line":127,"column":4},"end":{"line":127,"column":43}},"49":{"start":{"line":130,"column":2},"end":{"line":132,"column":5}},"50":{"start":{"line":139,"column":24},"end":{"line":222,"column":2}},"51":{"start":{"line":140,"column":15},"end":{"line":140,"column":54}},"52":{"start":{"line":143,"column":29},"end":{"line":146,"column":11}},"53":{"start":{"line":149,"column":23},"end":{"line":152,"column":11}},"54":{"start":{"line":156,"column":34},"end":{"line":193,"column":3}},"55":{"start":{"line":158,"column":35},"end":{"line":168,"column":8}},"56":{"start":{"line":172,"column":6},"end":{"line":190,"column":7}},"57":{"start":{"line":173,"column":26},"end":{"line":175,"column":30}},"58":{"start":{"line":178,"column":8},"end":{"line":187,"column":9}},"59":{"start":{"line":179,"column":10},"end":{"line":181,"column":12}},"60":{"start":{"line":183,"column":10},"end":{"line":186,"column":12}},"61":{"start":{"line":189,"column":8},"end":{"line":189,"column":36}},"62":{"start":{"line":191,"column":6},"end":{"line":191,"column":21}},"63":{"start":{"line":197,"column":28},"end":{"line":217,"column":3}},"64":{"start":{"line":199,"column":29},"end":{"line":209,"column":8}},"65":{"start":{"line":210,"column":6},"end":{"line":214,"column":7}},"66":{"start":{"line":211,"column":8},"end":{"line":211,"column":64}},"67":{"start":{"line":213,"column":8},"end":{"line":213,"column":36}},"68":{"start":{"line":215,"column":6},"end":{"line":215,"column":21}},"69":{"start":{"line":219,"column":2},"end":{"line":221,"column":78}},"70":{"start":{"line":243,"column":0},"end":{"line":249,"column":2}}},"fnMap":{"0":{"name":"(anonymous_0)","decl":{"start":{"line":14,"column":34},"end":{"line":14,"column":35}},"loc":{"start":{"line":14,"column":54},"end":{"line":61,"column":1}},"line":14},"1":{"name":"(anonymous_1)","decl":{"start":{"line":67,"column":39},"end":{"line":67,"column":40}},"loc":{"start":{"line":67,"column":59},"end":{"line":85,"column":1}},"line":67},"2":{"name":"(anonymous_2)","decl":{"start":{"line":91,"column":31},"end":{"line":91,"column":32}},"loc":{"start":{"line":91,"column":51},"end":{"line":133,"column":1}},"line":91},"3":{"name":"(anonymous_3)","decl":{"start":{"line":139,"column":37},"end":{"line":139,"column":38}},"loc":{"start":{"line":139,"column":57},"end":{"line":222,"column":1}},"line":139},"4":{"name":"(anonymous_4)","decl":{"start":{"line":157,"column":27},"end":{"line":157,"column":28}},"loc":{"start":{"line":157,"column":46},"end":{"line":192,"column":5}},"line":157},"5":{"name":"(anonymous_5)","decl":{"start":{"line":198,"column":21},"end":{"line":198,"column":22}},"loc":{"start":{"line":198,"column":40},"end":{"line":216,"column":5}},"line":198}},"branchMap":{"0":{"loc":{"start":{"line":18,"column":2},"end":{"line":21,"column":3}},"type":"if","locations":[{"start":{"line":18,"column":2},"end":{"line":21,"column":3}},{"start":{},"end":{}}],"line":18},"1":{"loc":{"start":{"line":18,"column":6},"end":{"line":18,"column":52}},"type":"binary-expr","locations":[{"start":{"line":18,"column":6},"end":{"line":18,"column":16}},{"start":{"line":18,"column":20},"end":{"line":18,"column":29}},{"start":{"line":18,"column":33},"end":{"line":18,"column":39}},{"start":{"line":18,"column":43},"end":{"line":18,"column":52}}],"line":18},"2":{"loc":{"start":{"line":25,"column":2},"end":{"line":28,"column":3}},"type":"if","locations":[{"start":{"line":25,"column":2},"end":{"line":28,"column":3}},{"start":{},"end":{}}],"line":25},"3":{"loc":{"start":{"line":50,"column":2},"end":{"line":60,"column":3}},"type":"if","locations":[{"start":{"line":50,"column":2},"end":{"line":60,"column":3}},{"start":{"line":57,"column":9},"end":{"line":60,"column":3}}],"line":50},"4":{"loc":{"start":{"line":75,"column":2},"end":{"line":78,"column":3}},"type":"if","locations":[{"start":{"line":75,"column":2},"end":{"line":78,"column":3}},{"start":{},"end":{}}],"line":75},"5":{"loc":{"start":{"line":101,"column":2},"end":{"line":104,"column":3}},"type":"if","locations":[{"start":{"line":101,"column":2},"end":{"line":104,"column":3}},{"start":{},"end":{}}],"line":101},"6":{"loc":{"start":{"line":101,"column":6},"end":{"line":101,"column":25}},"type":"binary-expr","locations":[{"start":{"line":101,"column":6},"end":{"line":101,"column":12}},{"start":{"line":101,"column":16},"end":{"line":101,"column":25}}],"line":101},"7":{"loc":{"start":{"line":107,"column":2},"end":{"line":110,"column":3}},"type":"if","locations":[{"start":{"line":107,"column":2},"end":{"line":110,"column":3}},{"start":{},"end":{}}],"line":107},"8":{"loc":{"start":{"line":118,"column":2},"end":{"line":128,"column":3}},"type":"if","locations":[{"start":{"line":118,"column":2},"end":{"line":128,"column":3}},{"start":{"line":125,"column":9},"end":{"line":128,"column":3}}],"line":118},"9":{"loc":{"start":{"line":118,"column":6},"end":{"line":118,"column":61}},"type":"binary-expr","locations":[{"start":{"line":118,"column":6},"end":{"line":118,"column":10}},{"start":{"line":118,"column":15},"end":{"line":118,"column":60}}],"line":118},"10":{"loc":{"start":{"line":172,"column":6},"end":{"line":190,"column":7}},"type":"if","locations":[{"start":{"line":172,"column":6},"end":{"line":190,"column":7}},{"start":{"line":188,"column":13},"end":{"line":190,"column":7}}],"line":172},"11":{"loc":{"start":{"line":178,"column":8},"end":{"line":187,"column":9}},"type":"if","locations":[{"start":{"line":178,"column":8},"end":{"line":187,"column":9}},{"start":{"line":182,"column":15},"end":{"line":187,"column":9}}],"line":178},"12":{"loc":{"start":{"line":210,"column":6},"end":{"line":214,"column":7}},"type":"if","locations":[{"start":{"line":210,"column":6},"end":{"line":214,"column":7}},{"start":{"line":212,"column":13},"end":{"line":214,"column":7}}],"line":210}},"s":{"0":1,"1":1,"2":1,"3":1,"4":1,"5":1,"6":1,"7":1,"8":1,"9":3,"10":3,"11":1,"12":1,"13":2,"14":2,"15":1,"16":1,"17":1,"18":1,"19":1,"20":1,"21":1,"22":1,"23":1,"24":0,"25":0,"26":1,"27":2,"28":2,"29":2,"30":1,"31":1,"32":1,"33":1,"34":1,"35":5,"36":5,"37":5,"38":5,"39":1,"40":1,"41":4,"42":1,"43":1,"44":3,"45":3,"46":2,"47":1,"48":1,"49":2,"50":1,"51":1,"52":1,"53":1,"54":1,"55":3,"56":3,"57":1,"58":1,"59":1,"60":0,"61":2,"62":3,"63":1,"64":2,"65":2,"66":0,"67":2,"68":2,"69":1,"70":1},"f":{"0":3,"1":2,"2":5,"3":1,"4":3,"5":2},"b":{"0":[1,2],"1":[3,3,3,2],"2":[1,1],"3":[1,0],"4":[1,1],"5":[1,4],"6":[5,5],"7":[1,3],"8":[2,1],"9":[3,3],"10":[1,2],"11":[1,0],"12":[0,2]},"_coverageSchema":"1a1c01bbd47fc00a2c39e90264f33305004495a9","hash":"3b3f461cf906b889fe9e4abd2e13a0cbff5f29fe"}
,"/home/david/schoolprojects/T3A2-B/src/backend/src/middleware/authMiddleware.js": {"path":"/home/david/schoolprojects/T3A2-B/src/backend/src/middleware/authMiddleware.js","statementMap":{"0":{"start":{"line":1,"column":12},"end":{"line":1,"column":35}},"1":{"start":{"line":2,"column":21},"end":{"line":2,"column":53}},"2":{"start":{"line":3,"column":13},"end":{"line":3,"column":43}},"3":{"start":{"line":5,"column":16},"end":{"line":20,"column":2}},"4":{"start":{"line":6,"column":16},"end":{"line":6,"column":40}},"5":{"start":{"line":7,"column":2},"end":{"line":10,"column":3}},"6":{"start":{"line":8,"column":4},"end":{"line":8,"column":49}},"7":{"start":{"line":9,"column":4},"end":{"line":9,"column":52}},"8":{"start":{"line":11,"column":2},"end":{"line":19,"column":3}},"9":{"start":{"line":12,"column":17},"end":{"line":12,"column":58}},"10":{"start":{"line":13,"column":4},"end":{"line":13,"column":64}},"11":{"start":{"line":14,"column":4},"end":{"line":14,"column":18}},"12":{"start":{"line":16,"column":4},"end":{"line":16,"column":23}},"13":{"start":{"line":17,"column":4},"end":{"line":17,"column":77}},"14":{"start":{"line":18,"column":4},"end":{"line":18,"column":38}},"15":{"start":{"line":21,"column":2},"end":{"line":21,"column":31}}},"fnMap":{"0":{"name":"(anonymous_0)","decl":{"start":{"line":5,"column":29},"end":{"line":5,"column":30}},"loc":{"start":{"line":5,"column":55},"end":{"line":20,"column":1}},"line":5}},"branchMap":{"0":{"loc":{"start":{"line":7,"column":2},"end":{"line":10,"column":3}},"type":"if","locations":[{"start":{"line":7,"column":2},"end":{"line":10,"column":3}},{"start":{},"end":{}}],"line":7}},"s":{"0":1,"1":1,"2":1,"3":1,"4":39,"5":39,"6":2,"7":2,"8":37,"9":37,"10":37,"11":37,"12":0,"13":0,"14":0,"15":1},"f":{"0":39},"b":{"0":[2,37]},"_coverageSchema":"1a1c01bbd47fc00a2c39e90264f33305004495a9","hash":"02a440bf38ebb7003e1227669669a3c753e1ba74"}
,"/home/david/schoolprojects/T3A2-B/src/backend/src/middleware/errorMiddleware.js": {"path":"/home/david/schoolprojects/T3A2-B/src/backend/src/middleware/errorMiddleware.js","statementMap":{"0":{"start":{"line":1,"column":21},"end":{"line":8,"column":1}},"1":{"start":{"line":2,"column":23},"end":{"line":2,"column":59}},"2":{"start":{"line":3,"column":4},"end":{"line":3,"column":26}},"3":{"start":{"line":4,"column":4},"end":{"line":7,"column":6}},"4":{"start":{"line":10,"column":0},"end":{"line":12,"column":1}}},"fnMap":{"0":{"name":"(anonymous_0)","decl":{"start":{"line":1,"column":21},"end":{"line":1,"column":22}},"loc":{"start":{"line":1,"column":46},"end":{"line":8,"column":1}},"line":1}},"branchMap":{"0":{"loc":{"start":{"line":2,"column":23},"end":{"line":2,"column":59}},"type":"cond-expr","locations":[{"start":{"line":2,"column":40},"end":{"line":2,"column":54}},{"start":{"line":2,"column":56},"end":{"line":2,"column":59}}],"line":2},"1":{"loc":{"start":{"line":6,"column":15},"end":{"line":6,"column":71}},"type":"cond-expr","locations":[{"start":{"line":6,"column":55},"end":{"line":6,"column":59}},{"start":{"line":6,"column":62},"end":{"line":6,"column":71}}],"line":6}},"s":{"0":1,"1":33,"2":33,"3":33,"4":1},"f":{"0":33},"b":{"0":[33,0],"1":[33,0]},"_coverageSchema":"1a1c01bbd47fc00a2c39e90264f33305004495a9","hash":"ee35e310a10e9343aff5996f1b21e74ff234630a"}
,"/home/david/schoolprojects/T3A2-B/src/backend/src/models/patientModel.js": {"path":"/home/david/schoolprojects/T3A2-B/src/backend/src/models/patientModel.js","statementMap":{"0":{"start":{"line":1,"column":17},"end":{"line":1,"column":36}},"1":{"start":{"line":3,"column":22},"end":{"line":27,"column":2}},"2":{"start":{"line":29,"column":0},"end":{"line":29,"column":58}}},"fnMap":{},"branchMap":{},"s":{"0":1,"1":1,"2":1},"f":{},"b":{},"_coverageSchema":"1a1c01bbd47fc00a2c39e90264f33305004495a9","hash":"d101e0761ef75f4a84e219e29062ae069e8201da"}
,"/home/david/schoolprojects/T3A2-B/src/backend/src/models/shiftModel.js": {"path":"/home/david/schoolprojects/T3A2-B/src/backend/src/models/shiftModel.js","statementMap":{"0":{"start":{"line":1,"column":17},"end":{"line":1,"column":36}},"1":{"start":{"line":3,"column":29},"end":{"line":10,"column":2}},"2":{"start":{"line":12,"column":25},"end":{"line":19,"column":2}},"3":{"start":{"line":21,"column":20},"end":{"line":63,"column":1}},"4":{"start":{"line":65,"column":0},"end":{"line":65,"column":55}}},"fnMap":{},"branchMap":{},"s":{"0":1,"1":1,"2":1,"3":1,"4":1},"f":{},"b":{},"_coverageSchema":"1a1c01bbd47fc00a2c39e90264f33305004495a9","hash":"4fa873da3f220726dab0f2ff693a0a2037efb8b4"}
,"/home/david/schoolprojects/T3A2-B/src/backend/src/models/userModel.js": {"path":"/home/david/schoolprojects/T3A2-B/src/backend/src/models/userModel.js","statementMap":{"0":{"start":{"line":1,"column":17},"end":{"line":1,"column":36}},"1":{"start":{"line":3,"column":19},"end":{"line":32,"column":1}},"2":{"start":{"line":34,"column":0},"end":{"line":34,"column":52}}},"fnMap":{},"branchMap":{},"s":{"0":1,"1":1,"2":1},"f":{},"b":{},"_coverageSchema":"1a1c01bbd47fc00a2c39e90264f33305004495a9","hash":"adad971fd36af1718fbc4db983d620e65bf9cd45"}
,"/home/david/schoolprojects/T3A2-B/src/backend/src/routes/carerRoutes.js": {"path":"/home/david/schoolprojects/T3A2-B/src/backend/src/routes/carerRoutes.js","statementMap":{"0":{"start":{"line":1,"column":16},"end":{"line":1,"column":34}},"1":{"start":{"line":2,"column":20},"end":{"line":2,"column":36}},"2":{"start":{"line":5,"column":4},"end":{"line":5,"column":45}},"3":{"start":{"line":7,"column":20},"end":{"line":7,"column":59}},"4":{"start":{"line":11,"column":0},"end":{"line":11,"column":63}},"5":{"start":{"line":15,"column":0},"end":{"line":15,"column":47}},"6":{"start":{"line":19,"column":0},"end":{"line":19,"column":77}},"7":{"start":{"line":22,"column":0},"end":{"line":22,"column":29}}},"fnMap":{},"branchMap":{},"s":{"0":1,"1":1,"2":1,"3":1,"4":1,"5":1,"6":1,"7":1},"f":{},"b":{},"_coverageSchema":"1a1c01bbd47fc00a2c39e90264f33305004495a9","hash":"3397346b1a4760d75e8ad6c1b390bcf402a664e7"}
,"/home/david/schoolprojects/T3A2-B/src/backend/src/routes/patientRoutes.js": {"path":"/home/david/schoolprojects/T3A2-B/src/backend/src/routes/patientRoutes.js","statementMap":{"0":{"start":{"line":1,"column":16},"end":{"line":1,"column":34}},"1":{"start":{"line":2,"column":22},"end":{"line":2,"column":38}},"2":{"start":{"line":8,"column":4},"end":{"line":8,"column":47}},"3":{"start":{"line":10,"column":20},"end":{"line":10,"column":59}},"4":{"start":{"line":14,"column":0},"end":{"line":14,"column":54}},"5":{"start":{"line":18,"column":0},"end":{"line":22,"column":32}},"6":{"start":{"line":24,"column":0},"end":{"line":24,"column":31}}},"fnMap":{},"branchMap":{},"s":{"0":1,"1":1,"2":1,"3":1,"4":1,"5":1,"6":1},"f":{},"b":{},"_coverageSchema":"1a1c01bbd47fc00a2c39e90264f33305004495a9","hash":"b063e1400918b9afec91094797494098c4608491"}
,"/home/david/schoolprojects/T3A2-B/src/backend/src/routes/shiftRoutes.js": {"path":"/home/david/schoolprojects/T3A2-B/src/backend/src/routes/shiftRoutes.js","statementMap":{"0":{"start":{"line":1,"column":16},"end":{"line":1,"column":34}},"1":{"start":{"line":2,"column":20},"end":{"line":2,"column":36}},"2":{"start":{"line":12,"column":4},"end":{"line":12,"column":45}},"3":{"start":{"line":14,"column":20},"end":{"line":14,"column":59}},"4":{"start":{"line":19,"column":0},"end":{"line":19,"column":50}},"5":{"start":{"line":23,"column":0},"end":{"line":23,"column":90}},"6":{"start":{"line":29,"column":0},"end":{"line":29,"column":85}},"7":{"start":{"line":34,"column":0},"end":{"line":34,"column":68}},"8":{"start":{"line":38,"column":0},"end":{"line":38,"column":75}},"9":{"start":{"line":46,"column":0},"end":{"line":46,"column":29}}},"fnMap":{},"branchMap":{},"s":{"0":1,"1":1,"2":1,"3":1,"4":1,"5":1,"6":1,"7":1,"8":1,"9":1},"f":{},"b":{},"_coverageSchema":"1a1c01bbd47fc00a2c39e90264f33305004495a9","hash":"cbb6d5a267b8161a22c1e3d625f2354f61062018"}
,"/home/david/schoolprojects/T3A2-B/src/backend/src/routes/userRoutes.js": {"path":"/home/david/schoolprojects/T3A2-B/src/backend/src/routes/userRoutes.js","statementMap":{"0":{"start":{"line":1,"column":16},"end":{"line":1,"column":34}},"1":{"start":{"line":2,"column":19},"end":{"line":2,"column":35}},"2":{"start":{"line":9,"column":4},"end":{"line":9,"column":44}},"3":{"start":{"line":10,"column":20},"end":{"line":10,"column":59}},"4":{"start":{"line":15,"column":0},"end":{"line":15,"column":43}},"5":{"start":{"line":19,"column":0},"end":{"line":19,"column":59}},"6":{"start":{"line":23,"column":0},"end":{"line":23,"column":37}},"7":{"start":{"line":27,"column":0},"end":{"line":27,"column":46}},"8":{"start":{"line":35,"column":0},"end":{"line":35,"column":28}}},"fnMap":{},"branchMap":{},"s":{"0":1,"1":1,"2":1,"3":1,"4":1,"5":1,"6":1,"7":1,"8":1},"f":{},"b":{},"_coverageSchema":"1a1c01bbd47fc00a2c39e90264f33305004495a9","hash":"0493ca351b067670a533c808f1d0ffeee57fe188"}
,"/home/david/schoolprojects/T3A2-B/src/backend/src/services/email.js": {"path":"/home/david/schoolprojects/T3A2-B/src/backend/src/services/email.js","statementMap":{"0":{"start":{"line":1,"column":13},"end":{"line":1,"column":30}},"1":{"start":{"line":2,"column":0},"end":{"line":2,"column":15}},"2":{"start":{"line":3,"column":19},"end":{"line":3,"column":40}},"3":{"start":{"line":6,"column":18},"end":{"line":14,"column":2}},"4":{"start":{"line":18,"column":0},"end":{"line":45,"column":1}},"5":{"start":{"line":21,"column":8},"end":{"line":30,"column":9}},"6":{"start":{"line":22,"column":23},"end":{"line":27,"column":14}},"7":{"start":{"line":29,"column":12},"end":{"line":29,"column":30}},"8":{"start":{"line":34,"column":8},"end":{"line":43,"column":9}},"9":{"start":{"line":35,"column":23},"end":{"line":40,"column":14}},"10":{"start":{"line":42,"column":12},"end":{"line":42,"column":30}}},"fnMap":{"0":{"name":"verifyUserEmail","decl":{"start":{"line":20,"column":36},"end":{"line":20,"column":51}},"loc":{"start":{"line":20,"column":72},"end":{"line":31,"column":5}},"line":20},"1":{"name":"addCarerEmail","decl":{"start":{"line":33,"column":34},"end":{"line":33,"column":47}},"loc":{"start":{"line":33,"column":81},"end":{"line":44,"column":5}},"line":33}},"branchMap":{},"s":{"0":1,"1":1,"2":1,"3":1,"4":1,"5":1,"6":1,"7":0,"8":1,"9":1,"10":0},"f":{"0":1,"1":1},"b":{},"_coverageSchema":"1a1c01bbd47fc00a2c39e90264f33305004495a9","hash":"1b816564f82039bfb8ac486de31758415c9e1729"}
,"/home/david/schoolprojects/T3A2-B/src/backend/src/utils/helper.utils.js": {"path":"/home/david/schoolprojects/T3A2-B/src/backend/src/utils/helper.utils.js","statementMap":{"0":{"start":{"line":1,"column":19},"end":{"line":1,"column":43}},"1":{"start":{"line":2,"column":20},"end":{"line":2,"column":42}},"2":{"start":{"line":3,"column":20},"end":{"line":3,"column":37}},"3":{"start":{"line":4,"column":18},"end":{"line":4,"column":39}},"4":{"start":{"line":7,"column":18},"end":{"line":28,"column":1}},"5":{"start":{"line":15,"column":14},"end":{"line":15,"column":31}},"6":{"start":{"line":16,"column":2},"end":{"line":16,"column":71}},"7":{"start":{"line":17,"column":2},"end":{"line":17,"column":66}},"8":{"start":{"line":18,"column":2},"end":{"line":20,"column":64}},"9":{"start":{"line":21,"column":2},"end":{"line":24,"column":5}},"10":{"start":{"line":25,"column":2},"end":{"line":25,"column":71}},"11":{"start":{"line":26,"column":2},"end":{"line":26,"column":12}},"12":{"start":{"line":27,"column":2},"end":{"line":27,"column":37}},"13":{"start":{"line":31,"column":25},"end":{"line":47,"column":1}},"14":{"start":{"line":32,"column":2},"end":{"line":46,"column":5}},"15":{"start":{"line":33,"column":28},"end":{"line":44,"column":5}},"16":{"start":{"line":38,"column":8},"end":{"line":42,"column":9}},"17":{"start":{"line":39,"column":10},"end":{"line":39,"column":26}},"18":{"start":{"line":41,"column":10},"end":{"line":41,"column":24}},"19":{"start":{"line":45,"column":4},"end":{"line":45,"column":65}},"20":{"start":{"line":49,"column":0},"end":{"line":49,"column":49}}},"fnMap":{"0":{"name":"(anonymous_0)","decl":{"start":{"line":7,"column":18},"end":{"line":7,"column":19}},"loc":{"start":{"line":14,"column":5},"end":{"line":28,"column":1}},"line":14},"1":{"name":"(anonymous_1)","decl":{"start":{"line":31,"column":25},"end":{"line":31,"column":26}},"loc":{"start":{"line":31,"column":56},"end":{"line":47,"column":1}},"line":31},"2":{"name":"(anonymous_2)","decl":{"start":{"line":32,"column":21},"end":{"line":32,"column":22}},"loc":{"start":{"line":32,"column":42},"end":{"line":46,"column":3}},"line":32},"3":{"name":"(anonymous_3)","decl":{"start":{"line":37,"column":6},"end":{"line":37,"column":7}},"loc":{"start":{"line":37,"column":25},"end":{"line":43,"column":7}},"line":37}},"branchMap":{"0":{"loc":{"start":{"line":38,"column":8},"end":{"line":42,"column":9}},"type":"if","locations":[{"start":{"line":38,"column":8},"end":{"line":42,"column":9}},{"start":{"line":40,"column":15},"end":{"line":42,"column":9}}],"line":38}},"s":{"0":1,"1":1,"2":1,"3":1,"4":1,"5":2,"6":2,"7":2,"8":2,"9":2,"10":2,"11":2,"12":2,"13":1,"14":2,"15":2,"16":2,"17":2,"18":0,"19":2,"20":1},"f":{"0":2,"1":2,"2":2,"3":2},"b":{"0":[2,0]},"_coverageSchema":"1a1c01bbd47fc00a2c39e90264f33305004495a9","hash":"29a8a093beb42792615f1aa507acfefed30f02dc"}
}
