TN:
SF:src/server.js
FN:38,(anonymous_0)
FNF:1
FNH:1
FNDA:4,(anonymous_0)
DA:1,4
DA:2,4
DA:3,4
DA:4,4
DA:5,4
DA:6,4
DA:7,4
DA:8,4
DA:11,4
DA:13,4
DA:15,4
DA:16,4
DA:17,4
DA:19,4
DA:23,4
DA:28,4
DA:30,4
DA:31,4
DA:32,4
DA:33,4
DA:35,4
DA:38,4
DA:39,4
DA:42,4
LF:24
LH:24
BRDA:6,0,0,4
BRDA:6,0,1,0
BRF:2
BRH:1
end_of_record
TN:
SF:src/config/db.js
FN:4,(anonymous_0)
FNF:1
FNH:1
FNDA:4,(anonymous_0)
DA:1,4
DA:2,4
DA:4,4
DA:5,4
DA:6,4
DA:7,4
DA:8,4
DA:10,0
DA:11,0
DA:16,4
LF:10
LH:8
BRF:0
BRH:0
end_of_record
TN:
SF:src/controllers/carerController.js
FN:12,(anonymous_0)
FN:72,(anonymous_1)
FN:116,(anonymous_2)
FNF:3
FNH:3
FNDA:4,(anonymous_0)
FNDA:3,(anonymous_1)
FNDA:4,(anonymous_2)
DA:1,4
DA:2,4
DA:3,4
DA:4,4
DA:5,4
DA:6,4
DA:12,4
DA:14,4
DA:17,4
DA:18,1
DA:19,1
DA:23,3
DA:26,3
DA:27,1
DA:28,1
DA:32,2
DA:35,2
DA:36,1
DA:37,1
DA:41,1
DA:44,1
DA:47,1
DA:50,1
DA:55,1
DA:63,1
DA:72,4
DA:74,3
DA:77,3
DA:80,3
DA:83,3
DA:86,3
DA:87,0
DA:88,0
DA:92,3
DA:93,1
DA:94,1
DA:99,2
DA:100,1
DA:105,1
DA:107,1
DA:108,1
DA:116,4
DA:118,4
DA:121,4
DA:122,1
DA:123,1
DA:127,3
DA:130,3
DA:131,1
DA:132,1
DA:136,2
DA:140,2
DA:141,1
DA:146,1
DA:148,1
DA:149,1
DA:153,4
LF:57
LH:55
BRDA:17,0,0,1
BRDA:17,0,1,3
BRDA:26,1,0,1
BRDA:26,1,1,2
BRDA:35,2,0,1
BRDA:35,2,1,1
BRDA:86,3,0,0
BRDA:86,3,1,3
BRDA:92,4,0,1
BRDA:92,4,1,2
BRDA:99,5,0,1
BRDA:99,5,1,1
BRDA:121,6,0,1
BRDA:121,6,1,3
BRDA:130,7,0,1
BRDA:130,7,1,2
BRDA:140,8,0,1
BRDA:140,8,1,1
BRF:18
BRH:17
end_of_record
TN:
SF:src/controllers/patientController.js
FN:9,(anonymous_0)
FN:44,(anonymous_1)
FN:77,(anonymous_2)
FN:103,(anonymous_3)
FNF:4
FNH:4
FNDA:2,(anonymous_0)
FNDA:3,(anonymous_1)
FNDA:3,(anonymous_2)
FNDA:3,(anonymous_3)
DA:1,4
DA:2,4
DA:3,4
DA:9,4
DA:10,2
DA:11,2
DA:14,2
DA:15,1
DA:16,1
DA:20,1
DA:27,1
DA:28,1
DA:35,0
DA:36,0
DA:44,4
DA:45,3
DA:48,3
DA:49,1
DA:50,1
DA:53,2
DA:58,2
DA:59,1
DA:60,1
DA:63,1
DA:70,1
DA:77,4
DA:78,3
DA:81,3
DA:82,1
DA:83,1
DA:86,2
DA:89,2
DA:90,1
DA:91,1
DA:94,1
DA:95,1
DA:103,4
DA:104,3
DA:109,3
DA:110,1
DA:111,1
DA:115,2
DA:118,2
DA:122,1
DA:123,1
DA:127,1
DA:128,1
DA:130,0
DA:134,1
DA:135,1
DA:140,1
DA:143,1
DA:146,1
DA:148,1
DA:151,4
LF:55
LH:52
BRDA:14,0,0,1
BRDA:14,0,1,1
BRDA:14,1,0,2
BRDA:14,1,1,2
BRDA:27,2,0,1
BRDA:27,2,1,0
BRDA:48,3,0,1
BRDA:48,3,1,2
BRDA:58,4,0,1
BRDA:58,4,1,1
BRDA:81,5,0,1
BRDA:81,5,1,2
BRDA:89,6,0,1
BRDA:89,6,1,1
BRDA:109,7,0,1
BRDA:109,7,1,2
BRDA:118,8,0,1
BRDA:118,8,1,1
BRDA:119,9,0,2
BRDA:119,9,1,1
BRDA:127,10,0,1
BRDA:127,10,1,0
BRDA:134,11,0,1
BRDA:134,11,1,0
BRF:24
BRH:21
end_of_record
TN:
SF:src/controllers/shiftController.js
FN:11,(anonymous_0)
FN:26,(anonymous_1)
FN:57,(anonymous_2)
FN:104,(anonymous_3)
FN:134,(anonymous_4)
FN:164,(anonymous_5)
FN:186,(anonymous_6)
FN:253,(anonymous_7)
FNF:8
FNH:8
FNDA:1,(anonymous_0)
FNDA:3,(anonymous_1)
FNDA:3,(anonymous_2)
FNDA:2,(anonymous_3)
FNDA:2,(anonymous_4)
FNDA:2,(anonymous_5)
FNDA:3,(anonymous_6)
FNDA:3,(anonymous_7)
DA:1,4
DA:2,4
DA:3,4
DA:4,4
DA:5,4
DA:11,4
DA:13,1
DA:16,1
DA:19,1
DA:26,4
DA:28,3
DA:30,3
DA:33,3
DA:34,1
DA:35,1
DA:39,2
DA:43,1
DA:44,1
DA:48,1
DA:50,1
DA:57,4
DA:58,3
DA:61,3
DA:64,3
DA:67,3
DA:68,1
DA:69,1
DA:73,2
DA:76,2
DA:77,1
DA:78,1
DA:82,1
DA:92,1
DA:93,1
DA:95,0
DA:96,0
DA:104,4
DA:106,2
DA:109,2
DA:112,2
DA:113,1
DA:114,1
DA:118,1
DA:127,1
DA:134,4
DA:136,2
DA:139,2
DA:142,2
DA:143,1
DA:144,1
DA:148,1
DA:157,1
DA:164,4
DA:166,2
DA:169,2
DA:172,2
DA:173,1
DA:174,1
DA:178,1
DA:179,1
DA:186,4
DA:188,3
DA:191,3
DA:192,1
DA:193,1
DA:197,2
DA:200,2
DA:203,2
DA:204,1
DA:205,1
DA:209,1
DA:214,1
DA:219,1
DA:229,1
DA:232,1
DA:246,1
DA:253,4
DA:255,3
DA:258,3
DA:259,1
DA:260,1
DA:264,2
DA:267,2
DA:270,2
DA:271,1
DA:272,1
DA:276,1
DA:281,1
DA:286,1
DA:296,1
DA:303,1
DA:319,1
DA:322,4
LF:93
LH:91
BRDA:33,0,0,1
BRDA:33,0,1,2
BRDA:39,1,0,1
BRDA:39,1,1,1
BRDA:40,2,0,2
BRDA:40,2,1,1
BRDA:67,3,0,1
BRDA:67,3,1,2
BRDA:76,4,0,1
BRDA:76,4,1,1
BRDA:92,5,0,1
BRDA:92,5,1,0
BRDA:112,6,0,1
BRDA:112,6,1,1
BRDA:142,7,0,1
BRDA:142,7,1,1
BRDA:172,8,0,1
BRDA:172,8,1,1
BRDA:191,9,0,1
BRDA:191,9,1,2
BRDA:203,10,0,1
BRDA:203,10,1,1
BRDA:258,11,0,1
BRDA:258,11,1,2
BRDA:270,12,0,1
BRDA:270,12,1,1
BRF:26
BRH:25
end_of_record
TN:
SF:src/controllers/userController.js
FN:14,(anonymous_0)
FN:67,(anonymous_1)
FN:91,(anonymous_2)
FN:143,(anonymous_3)
FN:161,(anonymous_4)
FN:202,(anonymous_5)
FNF:6
FNH:6
FNDA:3,(anonymous_0)
FNDA:2,(anonymous_1)
FNDA:8,(anonymous_2)
FNDA:1,(anonymous_3)
FNDA:4,(anonymous_4)
FNDA:2,(anonymous_5)
DA:1,4
DA:2,4
DA:3,4
DA:4,4
DA:5,4
DA:6,4
DA:7,4
DA:8,4
DA:14,4
DA:15,3
DA:18,3
DA:19,1
DA:20,1
DA:24,2
DA:25,2
DA:26,1
DA:27,1
DA:31,1
DA:32,1
DA:35,1
DA:43,1
DA:48,1
DA:50,1
DA:51,1
DA:58,0
DA:59,0
DA:67,4
DA:69,2
DA:72,2
DA:75,2
DA:76,1
DA:77,1
DA:80,1
DA:84,1
DA:91,4
DA:92,8
DA:95,8
DA:98,8
DA:101,8
DA:102,1
DA:103,1
DA:107,7
DA:108,1
DA:109,1
DA:113,6
DA:118,6
DA:119,5
DA:126,1
DA:127,1
DA:130,5
DA:143,4
DA:144,1
DA:147,1
DA:153,1
DA:160,1
DA:162,4
DA:175,4
DA:176,1
DA:181,1
DA:183,0
DA:187,1
DA:193,3
DA:195,4
DA:201,1
DA:203,2
DA:214,2
DA:215,1
DA:218,1
DA:220,1
DA:225,0
DA:231,1
DA:233,2
DA:237,1
DA:244,4
LF:74
LH:70
BRDA:18,0,0,1
BRDA:18,0,1,2
BRDA:18,1,0,3
BRDA:18,1,1,3
BRDA:18,1,2,3
BRDA:18,1,3,2
BRDA:25,2,0,1
BRDA:25,2,1,1
BRDA:50,3,0,1
BRDA:50,3,1,0
BRDA:75,4,0,1
BRDA:75,4,1,1
BRDA:101,5,0,1
BRDA:101,5,1,7
BRDA:101,6,0,8
BRDA:101,6,1,8
BRDA:107,7,0,1
BRDA:107,7,1,6
BRDA:118,8,0,5
BRDA:118,8,1,1
BRDA:118,9,0,6
BRDA:118,9,1,6
BRDA:175,10,0,1
BRDA:175,10,1,3
BRDA:181,11,0,0
BRDA:181,11,1,1
BRDA:214,12,0,1
BRDA:214,12,1,1
BRDA:218,13,0,1
BRDA:218,13,1,0
BRF:30
BRH:27
end_of_record
TN:
SF:src/middleware/authMiddleware.js
FN:5,(anonymous_0)
FNF:1
FNH:1
FNDA:41,(anonymous_0)
DA:1,4
DA:2,4
DA:3,4
DA:5,4
DA:6,41
DA:7,41
DA:8,2
DA:9,2
DA:11,39
DA:12,39
DA:13,39
DA:14,39
DA:16,0
DA:17,0
DA:18,0
DA:21,4
LF:16
LH:13
BRDA:7,0,0,2
BRDA:7,0,1,39
BRF:2
BRH:2
end_of_record
TN:
SF:src/middleware/errorMiddleware.js
FN:1,(anonymous_0)
FNF:1
FNH:1
FNDA:34,(anonymous_0)
DA:1,4
DA:2,34
DA:3,34
DA:4,34
DA:10,4
LF:5
LH:5
BRDA:2,0,0,34
BRDA:2,0,1,0
BRDA:6,1,0,34
BRDA:6,1,1,0
BRF:4
BRH:2
end_of_record
TN:
SF:src/models/patientModel.js
FNF:0
FNH:0
DA:1,4
DA:3,4
DA:29,4
LF:3
LH:3
BRF:0
BRH:0
end_of_record
TN:
SF:src/models/shiftModel.js
FNF:0
FNH:0
DA:1,4
DA:3,4
DA:13,4
DA:57,4
LF:4
LH:4
BRF:0
BRH:0
end_of_record
TN:
SF:src/models/userModel.js
FNF:0
FNH:0
DA:1,4
DA:3,4
DA:34,4
LF:3
LH:3
BRF:0
BRH:0
end_of_record
TN:
SF:src/routes/carerRoutes.js
FNF:0
FNH:0
DA:1,4
DA:2,4
DA:5,4
DA:7,4
DA:11,4
DA:15,4
DA:19,4
DA:22,4
LF:8
LH:8
BRF:0
BRH:0
end_of_record
TN:
SF:src/routes/patientRoutes.js
FNF:0
FNH:0
DA:1,4
DA:2,4
DA:8,4
DA:10,4
DA:14,4
DA:18,4
DA:24,4
LF:7
LH:7
BRF:0
BRH:0
end_of_record
TN:
SF:src/routes/shiftRoutes.js
FNF:0
FNH:0
DA:1,4
DA:2,4
DA:13,4
DA:15,4
DA:20,4
DA:24,4
DA:30,4
DA:35,4
DA:40,4
DA:44,4
DA:52,4
LF:11
LH:11
BRF:0
BRH:0
end_of_record
TN:
SF:src/routes/userRoutes.js
FNF:0
FNH:0
DA:1,4
DA:2,4
DA:9,4
DA:10,4
DA:15,4
DA:19,4
DA:23,4
DA:27,4
DA:35,4
LF:9
LH:9
BRF:0
BRH:0
end_of_record
TN:
SF:src/services/email.js
FN:20,verifyUserEmail
FN:33,addCarerEmail
FNF:2
FNH:2
FNDA:1,verifyUserEmail
FNDA:1,addCarerEmail
DA:1,4
DA:2,4
DA:3,4
DA:6,4
DA:18,4
DA:21,1
DA:22,1
DA:29,0
DA:34,1
DA:35,1
DA:42,0
LF:11
LH:9
BRF:0
BRH:0
end_of_record
TN:
SF:src/utils/pdf.utils.js
FN:7,(anonymous_0)
FN:36,(anonymous_1)
FN:37,(anonymous_2)
FN:42,(anonymous_3)
FNF:4
FNH:4
FNDA:2,(anonymous_0)
FNDA:2,(anonymous_1)
FNDA:2,(anonymous_2)
FNDA:2,(anonymous_3)
DA:1,4
DA:2,4
DA:3,4
DA:4,4
DA:7,4
DA:15,2
DA:16,2
DA:20,2
DA:21,2
DA:22,2
DA:25,2
DA:30,2
DA:31,2
DA:32,2
DA:36,4
DA:37,2
DA:38,2
DA:43,2
DA:44,2
DA:46,0
DA:50,2
DA:54,4
LF:22
LH:21
BRDA:43,0,0,2
BRDA:43,0,1,0
BRF:2
BRH:1
end_of_record
