TN:
SF:src/server.js
FN:38,(anonymous_0)
FNF:1
FNH:1
FNDA:4,(anonymous_0)
DA:1,4
DA:2,4
DA:3,4
DA:4,4
DA:5,4
DA:6,4
DA:7,4
DA:8,4
DA:11,4
DA:13,4
DA:15,4
DA:16,4
DA:17,4
DA:19,4
DA:23,4
DA:28,4
DA:30,4
DA:31,4
DA:32,4
DA:33,4
DA:35,4
DA:38,4
DA:39,4
DA:42,4
LF:24
LH:24
BRDA:6,0,0,4
BRDA:6,0,1,0
BRF:2
BRH:1
end_of_record
TN:
SF:src/config/db.js
FN:4,(anonymous_0)
FNF:1
FNH:1
FNDA:4,(anonymous_0)
DA:1,4
DA:2,4
DA:4,4
DA:5,4
DA:6,4
DA:7,4
DA:8,4
DA:10,0
DA:11,0
DA:15,4
LF:10
LH:8
BRF:0
BRH:0
end_of_record
TN:
SF:src/controllers/carerController.js
FN:12,(anonymous_0)
FN:72,(anonymous_1)
FN:116,(anonymous_2)
FNF:3
FNH:3
FNDA:4,(anonymous_0)
FNDA:3,(anonymous_1)
FNDA:4,(anonymous_2)
DA:1,4
DA:2,4
DA:3,4
DA:4,4
DA:5,4
DA:6,4
DA:12,4
DA:14,4
DA:17,4
DA:18,1
DA:19,1
DA:23,3
DA:26,3
DA:27,1
DA:28,1
DA:32,2
DA:35,2
DA:36,1
DA:37,1
DA:41,1
DA:44,1
DA:47,1
DA:50,1
DA:55,1
DA:63,1
DA:72,4
DA:74,3
DA:77,3
DA:80,3
DA:83,3
DA:86,3
DA:87,0
DA:88,0
DA:92,3
DA:93,1
DA:94,1
DA:99,2
DA:100,1
DA:105,1
DA:107,1
DA:108,1
DA:116,4
DA:118,4
DA:121,4
DA:122,1
DA:123,1
DA:127,3
DA:130,3
DA:131,1
DA:132,1
DA:136,2
DA:140,2
DA:141,1
DA:146,1
DA:148,1
DA:149,1
DA:153,4
LF:57
LH:55
BRDA:17,0,0,1
BRDA:17,0,1,3
BRDA:26,1,0,1
BRDA:26,1,1,2
BRDA:35,2,0,1
BRDA:35,2,1,1
BRDA:86,3,0,0
BRDA:86,3,1,3
BRDA:92,4,0,1
BRDA:92,4,1,2
BRDA:99,5,0,1
BRDA:99,5,1,1
BRDA:121,6,0,1
BRDA:121,6,1,3
BRDA:130,7,0,1
BRDA:130,7,1,2
BRDA:140,8,0,1
BRDA:140,8,1,1
BRF:18
BRH:17
end_of_record
TN:
SF:src/controllers/patientController.js
FN:9,(anonymous_0)
FN:44,(anonymous_1)
FN:77,(anonymous_2)
FN:98,(anonymous_3)
FNF:4
FNH:4
FNDA:2,(anonymous_0)
FNDA:3,(anonymous_1)
FNDA:3,(anonymous_2)
FNDA:3,(anonymous_3)
DA:1,4
DA:2,4
DA:3,4
DA:9,4
DA:10,2
DA:11,2
DA:14,2
DA:15,1
DA:16,1
DA:20,1
DA:27,1
DA:28,1
DA:35,0
DA:36,0
DA:44,4
DA:45,3
DA:48,3
DA:49,1
DA:50,1
DA:53,2
DA:58,2
DA:59,1
DA:60,1
DA:63,1
DA:70,1
DA:77,4
DA:78,3
DA:81,3
DA:82,1
DA:83,1
DA:86,2
DA:89,2
DA:90,1
DA:91,1
DA:94,1
DA:95,1
DA:98,4
DA:99,3
DA:104,3
DA:105,1
DA:106,1
DA:110,2
DA:113,2
DA:117,1
DA:118,1
DA:122,1
DA:123,1
DA:125,0
DA:129,1
DA:130,1
DA:135,1
DA:138,1
DA:141,1
DA:143,1
DA:146,4
LF:55
LH:52
BRDA:14,0,0,1
BRDA:14,0,1,1
BRDA:14,1,0,2
BRDA:14,1,1,2
BRDA:27,2,0,1
BRDA:27,2,1,0
BRDA:48,3,0,1
BRDA:48,3,1,2
BRDA:58,4,0,1
BRDA:58,4,1,1
BRDA:81,5,0,1
BRDA:81,5,1,2
BRDA:89,6,0,1
BRDA:89,6,1,1
BRDA:104,7,0,1
BRDA:104,7,1,2
BRDA:113,8,0,1
BRDA:113,8,1,1
BRDA:114,9,0,2
BRDA:114,9,1,1
BRDA:122,10,0,1
BRDA:122,10,1,0
BRDA:129,11,0,1
BRDA:129,11,1,0
BRF:24
BRH:21
end_of_record
TN:
SF:src/controllers/shiftController.js
FN:11,(anonymous_0)
FN:26,(anonymous_1)
FN:57,(anonymous_2)
FN:112,(anonymous_3)
FN:140,(anonymous_4)
FN:162,(anonymous_5)
FN:227,(anonymous_6)
FNF:7
FNH:7
FNDA:1,(anonymous_0)
FNDA:3,(anonymous_1)
FNDA:3,(anonymous_2)
FNDA:2,(anonymous_3)
FNDA:2,(anonymous_4)
FNDA:3,(anonymous_5)
FNDA:3,(anonymous_6)
DA:1,4
DA:2,4
DA:3,4
DA:4,4
DA:5,4
DA:11,4
DA:13,1
DA:16,1
DA:19,1
DA:26,4
DA:28,3
DA:30,3
DA:33,3
DA:34,1
DA:35,1
DA:39,2
DA:43,1
DA:44,1
DA:48,1
DA:50,1
DA:57,4
DA:58,3
DA:61,3
DA:64,3
DA:67,3
DA:68,1
DA:69,1
DA:73,2
DA:76,2
DA:77,1
DA:78,1
DA:82,1
DA:92,1
DA:93,1
DA:103,0
DA:104,0
DA:112,4
DA:114,2
DA:117,2
DA:120,2
DA:121,1
DA:122,1
DA:126,1
DA:133,1
DA:140,4
DA:142,2
DA:145,2
DA:148,2
DA:149,1
DA:150,1
DA:154,1
DA:155,1
DA:162,4
DA:164,3
DA:167,3
DA:168,1
DA:169,1
DA:173,2
DA:176,2
DA:179,2
DA:180,1
DA:181,1
DA:185,1
DA:190,1
DA:195,1
DA:205,1
DA:208,1
DA:220,1
DA:227,4
DA:229,3
DA:232,3
DA:233,1
DA:234,1
DA:238,2
DA:241,2
DA:244,2
DA:245,1
DA:246,1
DA:250,1
DA:255,1
DA:260,1
DA:270,1
DA:277,1
DA:291,1
DA:294,4
LF:85
LH:83
BRDA:33,0,0,1
BRDA:33,0,1,2
BRDA:39,1,0,1
BRDA:39,1,1,1
BRDA:40,2,0,2
BRDA:40,2,1,1
BRDA:67,3,0,1
BRDA:67,3,1,2
BRDA:76,4,0,1
BRDA:76,4,1,1
BRDA:92,5,0,1
BRDA:92,5,1,0
BRDA:120,6,0,1
BRDA:120,6,1,1
BRDA:148,7,0,1
BRDA:148,7,1,1
BRDA:167,8,0,1
BRDA:167,8,1,2
BRDA:179,9,0,1
BRDA:179,9,1,1
BRDA:232,10,0,1
BRDA:232,10,1,2
BRDA:244,11,0,1
BRDA:244,11,1,1
BRF:24
BRH:23
end_of_record
TN:
SF:src/controllers/userController.js
FN:14,(anonymous_0)
FN:67,(anonymous_1)
FN:91,(anonymous_2)
FN:139,(anonymous_3)
FN:157,(anonymous_4)
FN:198,(anonymous_5)
FNF:6
FNH:6
FNDA:3,(anonymous_0)
FNDA:2,(anonymous_1)
FNDA:8,(anonymous_2)
FNDA:1,(anonymous_3)
FNDA:3,(anonymous_4)
FNDA:2,(anonymous_5)
DA:1,4
DA:2,4
DA:3,4
DA:4,4
DA:5,4
DA:6,4
DA:7,4
DA:8,4
DA:14,4
DA:15,3
DA:18,3
DA:19,1
DA:20,1
DA:24,2
DA:25,2
DA:26,1
DA:27,1
DA:31,1
DA:32,1
DA:35,1
DA:43,1
DA:48,1
DA:50,1
DA:51,1
DA:58,0
DA:59,0
DA:67,4
DA:69,2
DA:72,2
DA:75,2
DA:76,1
DA:77,1
DA:80,1
DA:84,1
DA:91,4
DA:92,8
DA:95,8
DA:98,8
DA:101,8
DA:102,1
DA:103,1
DA:107,7
DA:108,1
DA:109,1
DA:113,6
DA:118,6
DA:119,5
DA:126,1
DA:127,1
DA:130,5
DA:139,4
DA:140,1
DA:143,1
DA:149,1
DA:156,1
DA:158,3
DA:169,3
DA:172,3
DA:173,1
DA:178,1
DA:179,0
DA:183,1
DA:189,2
DA:191,3
DA:197,1
DA:199,2
DA:210,2
DA:211,1
DA:213,1
DA:215,2
DA:219,1
DA:243,4
LF:72
LH:69
BRDA:18,0,0,1
BRDA:18,0,1,2
BRDA:18,1,0,3
BRDA:18,1,1,3
BRDA:18,1,2,3
BRDA:18,1,3,2
BRDA:25,2,0,1
BRDA:25,2,1,1
BRDA:50,3,0,1
BRDA:50,3,1,0
BRDA:75,4,0,1
BRDA:75,4,1,1
BRDA:101,5,0,1
BRDA:101,5,1,7
BRDA:101,6,0,8
BRDA:101,6,1,8
BRDA:107,7,0,1
BRDA:107,7,1,6
BRDA:118,8,0,5
BRDA:118,8,1,1
BRDA:118,9,0,6
BRDA:118,9,1,6
BRDA:172,10,0,1
BRDA:172,10,1,2
BRDA:178,11,0,0
BRDA:178,11,1,1
BRDA:210,12,0,1
BRDA:210,12,1,1
BRF:28
BRH:26
end_of_record
TN:
SF:src/middleware/authMiddleware.js
FN:5,(anonymous_0)
FNF:1
FNH:1
FNDA:39,(anonymous_0)
DA:1,4
DA:2,4
DA:3,4
DA:5,4
DA:6,39
DA:7,39
DA:8,2
DA:9,2
DA:11,37
DA:12,37
DA:13,37
DA:14,37
DA:16,0
DA:17,0
DA:18,0
DA:21,4
LF:16
LH:13
BRDA:7,0,0,2
BRDA:7,0,1,37
BRF:2
BRH:2
end_of_record
TN:
SF:src/middleware/errorMiddleware.js
FN:1,(anonymous_0)
FNF:1
FNH:1
FNDA:33,(anonymous_0)
DA:1,4
DA:2,33
DA:3,33
DA:4,33
DA:10,4
LF:5
LH:5
BRDA:2,0,0,33
BRDA:2,0,1,0
BRDA:6,1,0,33
BRDA:6,1,1,0
BRF:4
BRH:2
end_of_record
TN:
SF:src/models/patientModel.js
FNF:0
FNH:0
DA:1,4
DA:3,4
DA:29,4
LF:3
LH:3
BRF:0
BRH:0
end_of_record
TN:
SF:src/models/shiftModel.js
FNF:0
FNH:0
DA:1,4
DA:3,4
DA:12,4
DA:21,4
DA:65,4
LF:5
LH:5
BRF:0
BRH:0
end_of_record
TN:
SF:src/models/userModel.js
FNF:0
FNH:0
DA:1,4
DA:3,4
DA:34,4
LF:3
LH:3
BRF:0
BRH:0
end_of_record
TN:
SF:src/routes/carerRoutes.js
FNF:0
FNH:0
DA:1,4
DA:2,4
DA:5,4
DA:7,4
DA:11,4
DA:15,4
DA:19,4
DA:22,4
LF:8
LH:8
BRF:0
BRH:0
end_of_record
TN:
SF:src/routes/patientRoutes.js
FNF:0
FNH:0
DA:1,4
DA:2,4
DA:8,4
DA:10,4
DA:14,4
DA:18,4
DA:24,4
LF:7
LH:7
BRF:0
BRH:0
end_of_record
TN:
SF:src/routes/shiftRoutes.js
FNF:0
FNH:0
DA:1,4
DA:2,4
DA:12,4
DA:14,4
DA:19,4
DA:23,4
DA:29,4
DA:34,4
DA:38,4
DA:46,4
LF:10
LH:10
BRF:0
BRH:0
end_of_record
TN:
SF:src/routes/userRoutes.js
FNF:0
FNH:0
DA:1,4
DA:2,4
DA:9,4
DA:10,4
DA:15,4
DA:19,4
DA:23,4
DA:27,4
DA:35,4
LF:9
LH:9
BRF:0
BRH:0
end_of_record
TN:
SF:src/services/email.js
FN:20,verifyUserEmail
FN:33,addCarerEmail
FNF:2
FNH:2
FNDA:1,verifyUserEmail
FNDA:1,addCarerEmail
DA:1,4
DA:2,4
DA:3,4
DA:6,4
DA:18,4
DA:21,1
DA:22,1
DA:29,0
DA:34,1
DA:35,1
DA:42,0
LF:11
LH:9
BRF:0
BRH:0
end_of_record
TN:
SF:src/utils/helper.utils.js
FN:7,(anonymous_0)
FN:36,(anonymous_1)
FN:37,(anonymous_2)
FN:42,(anonymous_3)
FNF:4
FNH:4
FNDA:2,(anonymous_0)
FNDA:2,(anonymous_1)
FNDA:2,(anonymous_2)
FNDA:2,(anonymous_3)
DA:1,4
DA:2,4
DA:3,4
DA:4,4
DA:7,4
DA:15,2
DA:16,2
DA:20,2
DA:21,2
DA:22,2
DA:25,2
DA:30,2
DA:31,2
DA:32,2
DA:36,4
DA:37,2
DA:38,2
DA:43,2
DA:44,2
DA:46,0
DA:50,2
DA:54,4
LF:22
LH:21
BRDA:43,0,0,2
BRDA:43,0,1,0
BRF:2
BRH:1
end_of_record
