{"/home/david/schoolprojects/T3A2-B/src/backend/src/server.js": {"path":"/home/david/schoolprojects/T3A2-B/src/backend/src/server.js","statementMap":{"0":{"start":{"line":1,"column":16},"end":{"line":1,"column":34}},"1":{"start":{"line":2,"column":15},"end":{"line":2,"column":41}},"2":{"start":{"line":3,"column":23},"end":{"line":3,"column":62}},"3":{"start":{"line":4,"column":18},"end":{"line":4,"column":40}},"4":{"start":{"line":5,"column":21},"end":{"line":5,"column":45}},"5":{"start":{"line":6,"column":13},"end":{"line":6,"column":37}},"6":{"start":{"line":7,"column":13},"end":{"line":7,"column":28}},"7":{"start":{"line":8,"column":19},"end":{"line":8,"column":43}},"8":{"start":{"line":11,"column":0},"end":{"line":11,"column":11}},"9":{"start":{"line":13,"column":12},"end":{"line":13,"column":21}},"10":{"start":{"line":15,"column":0},"end":{"line":15,"column":24}},"11":{"start":{"line":16,"column":0},"end":{"line":16,"column":23}},"12":{"start":{"line":17,"column":0},"end":{"line":17,"column":46}},"13":{"start":{"line":19,"column":0},"end":{"line":21,"column":3}},"14":{"start":{"line":23,"column":20},"end":{"line":27,"column":1}},"15":{"start":{"line":28,"column":0},"end":{"line":28,"column":27}},"16":{"start":{"line":30,"column":0},"end":{"line":30,"column":48}},"17":{"start":{"line":31,"column":0},"end":{"line":31,"column":54}},"18":{"start":{"line":32,"column":0},"end":{"line":32,"column":50}},"19":{"start":{"line":33,"column":0},"end":{"line":33,"column":50}},"20":{"start":{"line":35,"column":0},"end":{"line":35,"column":21}},"21":{"start":{"line":38,"column":0},"end":{"line":40,"column":3}},"22":{"start":{"line":39,"column":2},"end":{"line":39,"column":32}},"23":{"start":{"line":42,"column":0},"end":{"line":42,"column":21}}},"fnMap":{"0":{"name":"(anonymous_0)","decl":{"start":{"line":38,"column":17},"end":{"line":38,"column":18}},"loc":{"start":{"line":38,"column":23},"end":{"line":40,"column":1}},"line":38}},"branchMap":{"0":{"loc":{"start":{"line":6,"column":13},"end":{"line":6,"column":37}},"type":"binary-expr","locations":[{"start":{"line":6,"column":13},"end":{"line":6,"column":29}},{"start":{"line":6,"column":33},"end":{"line":6,"column":37}}],"line":6}},"s":{"0":4,"1":4,"2":4,"3":4,"4":4,"5":4,"6":4,"7":4,"8":4,"9":4,"10":4,"11":4,"12":4,"13":4,"14":4,"15":4,"16":4,"17":4,"18":4,"19":4,"20":4,"21":4,"22":4,"23":4},"f":{"0":4},"b":{"0":[4,0]},"_coverageSchema":"1a1c01bbd47fc00a2c39e90264f33305004495a9","hash":"e07fdf8a1d5b1569d309d11deba66463f2d0146d"}
,"/home/david/schoolprojects/T3A2-B/src/backend/src/config/db.js": {"path":"/home/david/schoolprojects/T3A2-B/src/backend/src/config/db.js","statementMap":{"0":{"start":{"line":1,"column":17},"end":{"line":1,"column":36}},"1":{"start":{"line":2,"column":15},"end":{"line":2,"column":41}},"2":{"start":{"line":4,"column":18},"end":{"line":13,"column":1}},"3":{"start":{"line":5,"column":2},"end":{"line":12,"column":3}},"4":{"start":{"line":6,"column":4},"end":{"line":6,"column":39}},"5":{"start":{"line":7,"column":17},"end":{"line":7,"column":62}},"6":{"start":{"line":8,"column":4},"end":{"line":8,"column":62}},"7":{"start":{"line":10,"column":4},"end":{"line":10,"column":23}},"8":{"start":{"line":11,"column":4},"end":{"line":11,"column":20}},"9":{"start":{"line":15,"column":0},"end":{"line":15,"column":27}}},"fnMap":{"0":{"name":"(anonymous_0)","decl":{"start":{"line":4,"column":18},"end":{"line":4,"column":19}},"loc":{"start":{"line":4,"column":30},"end":{"line":13,"column":1}},"line":4}},"branchMap":{},"s":{"0":4,"1":4,"2":4,"3":4,"4":4,"5":4,"6":4,"7":0,"8":0,"9":4},"f":{"0":4},"b":{},"_coverageSchema":"1a1c01bbd47fc00a2c39e90264f33305004495a9","hash":"90672fc54acc99731d756f809d8b9084bc89bec5"}
,"/home/david/schoolprojects/T3A2-B/src/backend/src/controllers/carerController.js": {"path":"/home/david/schoolprojects/T3A2-B/src/backend/src/controllers/carerController.js","statementMap":{"0":{"start":{"line":1,"column":21},"end":{"line":1,"column":53}},"1":{"start":{"line":2,"column":12},"end":{"line":2,"column":35}},"2":{"start":{"line":3,"column":19},"end":{"line":3,"column":40}},"3":{"start":{"line":4,"column":13},"end":{"line":4,"column":43}},"4":{"start":{"line":5,"column":16},"end":{"line":5,"column":49}},"5":{"start":{"line":6,"column":15},"end":{"line":6,"column":43}},"6":{"start":{"line":12,"column":24},"end":{"line":66,"column":2}},"7":{"start":{"line":14,"column":18},"end":{"line":14,"column":55}},"8":{"start":{"line":17,"column":2},"end":{"line":20,"column":3}},"9":{"start":{"line":18,"column":4},"end":{"line":18,"column":20}},"10":{"start":{"line":19,"column":4},"end":{"line":19,"column":41}},"11":{"start":{"line":23,"column":16},"end":{"line":23,"column":61}},"12":{"start":{"line":26,"column":2},"end":{"line":29,"column":3}},"13":{"start":{"line":27,"column":4},"end":{"line":27,"column":20}},"14":{"start":{"line":28,"column":4},"end":{"line":28,"column":57}},"15":{"start":{"line":32,"column":15},"end":{"line":32,"column":47}},"16":{"start":{"line":35,"column":2},"end":{"line":38,"column":3}},"17":{"start":{"line":36,"column":4},"end":{"line":36,"column":20}},"18":{"start":{"line":37,"column":4},"end":{"line":37,"column":46}},"19":{"start":{"line":41,"column":26},"end":{"line":41,"column":68}},"20":{"start":{"line":44,"column":18},"end":{"line":44,"column":26}},"21":{"start":{"line":47,"column":20},"end":{"line":47,"column":30}},"22":{"start":{"line":50,"column":21},"end":{"line":52,"column":4}},"23":{"start":{"line":55,"column":2},"end":{"line":60,"column":4}},"24":{"start":{"line":63,"column":2},"end":{"line":65,"column":5}},"25":{"start":{"line":72,"column":17},"end":{"line":110,"column":2}},"26":{"start":{"line":74,"column":17},"end":{"line":74,"column":45}},"27":{"start":{"line":77,"column":33},"end":{"line":77,"column":39}},"28":{"start":{"line":80,"column":18},"end":{"line":80,"column":51}},"29":{"start":{"line":83,"column":16},"end":{"line":83,"column":44}},"30":{"start":{"line":86,"column":2},"end":{"line":89,"column":3}},"31":{"start":{"line":87,"column":4},"end":{"line":87,"column":20}},"32":{"start":{"line":88,"column":4},"end":{"line":88,"column":41}},"33":{"start":{"line":92,"column":2},"end":{"line":95,"column":3}},"34":{"start":{"line":93,"column":4},"end":{"line":93,"column":20}},"35":{"start":{"line":94,"column":4},"end":{"line":94,"column":57}},"36":{"start":{"line":99,"column":2},"end":{"line":109,"column":3}},"37":{"start":{"line":100,"column":27},"end":{"line":104,"column":5}},"38":{"start":{"line":105,"column":4},"end":{"line":105,"column":41}},"39":{"start":{"line":107,"column":4},"end":{"line":107,"column":20}},"40":{"start":{"line":108,"column":4},"end":{"line":108,"column":44}},"41":{"start":{"line":116,"column":20},"end":{"line":151,"column":2}},"42":{"start":{"line":118,"column":18},"end":{"line":118,"column":62}},"43":{"start":{"line":121,"column":2},"end":{"line":124,"column":3}},"44":{"start":{"line":122,"column":4},"end":{"line":122,"column":20}},"45":{"start":{"line":123,"column":4},"end":{"line":123,"column":41}},"46":{"start":{"line":127,"column":15},"end":{"line":127,"column":47}},"47":{"start":{"line":130,"column":2},"end":{"line":133,"column":3}},"48":{"start":{"line":131,"column":4},"end":{"line":131,"column":20}},"49":{"start":{"line":132,"column":4},"end":{"line":132,"column":46}},"50":{"start":{"line":136,"column":18},"end":{"line":136,"column":36}},"51":{"start":{"line":140,"column":2},"end":{"line":150,"column":3}},"52":{"start":{"line":141,"column":27},"end":{"line":145,"column":5}},"53":{"start":{"line":146,"column":4},"end":{"line":146,"column":41}},"54":{"start":{"line":148,"column":4},"end":{"line":148,"column":20}},"55":{"start":{"line":149,"column":4},"end":{"line":149,"column":44}},"56":{"start":{"line":153,"column":0},"end":{"line":157,"column":2}}},"fnMap":{"0":{"name":"(anonymous_0)","decl":{"start":{"line":12,"column":37},"end":{"line":12,"column":38}},"loc":{"start":{"line":12,"column":57},"end":{"line":66,"column":1}},"line":12},"1":{"name":"(anonymous_1)","decl":{"start":{"line":72,"column":30},"end":{"line":72,"column":31}},"loc":{"start":{"line":72,"column":50},"end":{"line":110,"column":1}},"line":72},"2":{"name":"(anonymous_2)","decl":{"start":{"line":116,"column":33},"end":{"line":116,"column":34}},"loc":{"start":{"line":116,"column":53},"end":{"line":151,"column":1}},"line":116}},"branchMap":{"0":{"loc":{"start":{"line":17,"column":2},"end":{"line":20,"column":3}},"type":"if","locations":[{"start":{"line":17,"column":2},"end":{"line":20,"column":3}},{"start":{},"end":{}}],"line":17},"1":{"loc":{"start":{"line":26,"column":2},"end":{"line":29,"column":3}},"type":"if","locations":[{"start":{"line":26,"column":2},"end":{"line":29,"column":3}},{"start":{},"end":{}}],"line":26},"2":{"loc":{"start":{"line":35,"column":2},"end":{"line":38,"column":3}},"type":"if","locations":[{"start":{"line":35,"column":2},"end":{"line":38,"column":3}},{"start":{},"end":{}}],"line":35},"3":{"loc":{"start":{"line":86,"column":2},"end":{"line":89,"column":3}},"type":"if","locations":[{"start":{"line":86,"column":2},"end":{"line":89,"column":3}},{"start":{},"end":{}}],"line":86},"4":{"loc":{"start":{"line":92,"column":2},"end":{"line":95,"column":3}},"type":"if","locations":[{"start":{"line":92,"column":2},"end":{"line":95,"column":3}},{"start":{},"end":{}}],"line":92},"5":{"loc":{"start":{"line":99,"column":2},"end":{"line":109,"column":3}},"type":"if","locations":[{"start":{"line":99,"column":2},"end":{"line":109,"column":3}},{"start":{"line":106,"column":9},"end":{"line":109,"column":3}}],"line":99},"6":{"loc":{"start":{"line":121,"column":2},"end":{"line":124,"column":3}},"type":"if","locations":[{"start":{"line":121,"column":2},"end":{"line":124,"column":3}},{"start":{},"end":{}}],"line":121},"7":{"loc":{"start":{"line":130,"column":2},"end":{"line":133,"column":3}},"type":"if","locations":[{"start":{"line":130,"column":2},"end":{"line":133,"column":3}},{"start":{},"end":{}}],"line":130},"8":{"loc":{"start":{"line":140,"column":2},"end":{"line":150,"column":3}},"type":"if","locations":[{"start":{"line":140,"column":2},"end":{"line":150,"column":3}},{"start":{"line":147,"column":9},"end":{"line":150,"column":3}}],"line":140}},"s":{"0":4,"1":4,"2":4,"3":4,"4":4,"5":4,"6":4,"7":4,"8":4,"9":1,"10":1,"11":3,"12":3,"13":1,"14":1,"15":2,"16":2,"17":1,"18":1,"19":1,"20":1,"21":1,"22":1,"23":1,"24":1,"25":4,"26":3,"27":3,"28":3,"29":3,"30":3,"31":0,"32":0,"33":3,"34":1,"35":1,"36":2,"37":1,"38":1,"39":1,"40":1,"41":4,"42":4,"43":4,"44":1,"45":1,"46":3,"47":3,"48":1,"49":1,"50":2,"51":2,"52":1,"53":1,"54":1,"55":1,"56":4},"f":{"0":4,"1":3,"2":4},"b":{"0":[1,3],"1":[1,2],"2":[1,1],"3":[0,3],"4":[1,2],"5":[1,1],"6":[1,3],"7":[1,2],"8":[1,1]},"_coverageSchema":"1a1c01bbd47fc00a2c39e90264f33305004495a9","hash":"3c1757b75149e63ac0a93a18b0ab3290058990db"}
,"/home/david/schoolprojects/T3A2-B/src/backend/src/controllers/patientController.js": {"path":"/home/david/schoolprojects/T3A2-B/src/backend/src/controllers/patientController.js","statementMap":{"0":{"start":{"line":1,"column":21},"end":{"line":1,"column":53}},"1":{"start":{"line":2,"column":13},"end":{"line":2,"column":43}},"2":{"start":{"line":3,"column":16},"end":{"line":3,"column":49}},"3":{"start":{"line":9,"column":22},"end":{"line":38,"column":2}},"4":{"start":{"line":10,"column":34},"end":{"line":10,"column":42}},"5":{"start":{"line":11,"column":22},"end":{"line":11,"column":33}},"6":{"start":{"line":14,"column":2},"end":{"line":17,"column":3}},"7":{"start":{"line":15,"column":4},"end":{"line":15,"column":20}},"8":{"start":{"line":16,"column":4},"end":{"line":16,"column":50}},"9":{"start":{"line":20,"column":18},"end":{"line":24,"column":4}},"10":{"start":{"line":27,"column":2},"end":{"line":37,"column":3}},"11":{"start":{"line":28,"column":4},"end":{"line":33,"column":7}},"12":{"start":{"line":35,"column":4},"end":{"line":35,"column":20}},"13":{"start":{"line":36,"column":4},"end":{"line":36,"column":36}},"14":{"start":{"line":44,"column":22},"end":{"line":71,"column":2}},"15":{"start":{"line":45,"column":18},"end":{"line":45,"column":55}},"16":{"start":{"line":48,"column":2},"end":{"line":51,"column":3}},"17":{"start":{"line":49,"column":4},"end":{"line":49,"column":20}},"18":{"start":{"line":50,"column":4},"end":{"line":50,"column":41}},"19":{"start":{"line":53,"column":15},"end":{"line":53,"column":47}},"20":{"start":{"line":58,"column":2},"end":{"line":61,"column":3}},"21":{"start":{"line":59,"column":4},"end":{"line":59,"column":20}},"22":{"start":{"line":60,"column":4},"end":{"line":60,"column":46}},"23":{"start":{"line":63,"column":25},"end":{"line":69,"column":3}},"24":{"start":{"line":70,"column":2},"end":{"line":70,"column":39}},"25":{"start":{"line":77,"column":22},"end":{"line":96,"column":2}},"26":{"start":{"line":78,"column":18},"end":{"line":78,"column":55}},"27":{"start":{"line":81,"column":2},"end":{"line":84,"column":3}},"28":{"start":{"line":82,"column":4},"end":{"line":82,"column":20}},"29":{"start":{"line":83,"column":4},"end":{"line":83,"column":41}},"30":{"start":{"line":86,"column":15},"end":{"line":86,"column":47}},"31":{"start":{"line":89,"column":2},"end":{"line":92,"column":3}},"32":{"start":{"line":90,"column":4},"end":{"line":90,"column":20}},"33":{"start":{"line":91,"column":4},"end":{"line":91,"column":46}},"34":{"start":{"line":94,"column":2},"end":{"line":94,"column":25}},"35":{"start":{"line":95,"column":2},"end":{"line":95,"column":72}},"36":{"start":{"line":98,"column":23},"end":{"line":144,"column":2}},"37":{"start":{"line":99,"column":18},"end":{"line":101,"column":11}},"38":{"start":{"line":104,"column":2},"end":{"line":107,"column":3}},"39":{"start":{"line":105,"column":4},"end":{"line":105,"column":20}},"40":{"start":{"line":106,"column":4},"end":{"line":106,"column":41}},"41":{"start":{"line":110,"column":15},"end":{"line":110,"column":47}},"42":{"start":{"line":113,"column":2},"end":{"line":119,"column":3}},"43":{"start":{"line":117,"column":4},"end":{"line":117,"column":20}},"44":{"start":{"line":118,"column":4},"end":{"line":118,"column":46}},"45":{"start":{"line":122,"column":2},"end":{"line":126,"column":3}},"46":{"start":{"line":123,"column":4},"end":{"line":123,"column":36}},"47":{"start":{"line":125,"column":4},"end":{"line":125,"column":37}},"48":{"start":{"line":129,"column":2},"end":{"line":136,"column":3}},"49":{"start":{"line":130,"column":19},"end":{"line":134,"column":25}},"50":{"start":{"line":135,"column":4},"end":{"line":135,"column":28}},"51":{"start":{"line":138,"column":22},"end":{"line":140,"column":23}},"52":{"start":{"line":141,"column":2},"end":{"line":141,"column":39}},"53":{"start":{"line":143,"column":2},"end":{"line":143,"column":36}},"54":{"start":{"line":146,"column":0},"end":{"line":151,"column":2}}},"fnMap":{"0":{"name":"(anonymous_0)","decl":{"start":{"line":9,"column":35},"end":{"line":9,"column":36}},"loc":{"start":{"line":9,"column":55},"end":{"line":38,"column":1}},"line":9},"1":{"name":"(anonymous_1)","decl":{"start":{"line":44,"column":35},"end":{"line":44,"column":36}},"loc":{"start":{"line":44,"column":55},"end":{"line":71,"column":1}},"line":44},"2":{"name":"(anonymous_2)","decl":{"start":{"line":77,"column":35},"end":{"line":77,"column":36}},"loc":{"start":{"line":77,"column":55},"end":{"line":96,"column":1}},"line":77},"3":{"name":"(anonymous_3)","decl":{"start":{"line":98,"column":36},"end":{"line":98,"column":37}},"loc":{"start":{"line":98,"column":56},"end":{"line":144,"column":1}},"line":98}},"branchMap":{"0":{"loc":{"start":{"line":14,"column":2},"end":{"line":17,"column":3}},"type":"if","locations":[{"start":{"line":14,"column":2},"end":{"line":17,"column":3}},{"start":{},"end":{}}],"line":14},"1":{"loc":{"start":{"line":14,"column":6},"end":{"line":14,"column":29}},"type":"binary-expr","locations":[{"start":{"line":14,"column":6},"end":{"line":14,"column":16}},{"start":{"line":14,"column":20},"end":{"line":14,"column":29}}],"line":14},"2":{"loc":{"start":{"line":27,"column":2},"end":{"line":37,"column":3}},"type":"if","locations":[{"start":{"line":27,"column":2},"end":{"line":37,"column":3}},{"start":{"line":34,"column":9},"end":{"line":37,"column":3}}],"line":27},"3":{"loc":{"start":{"line":48,"column":2},"end":{"line":51,"column":3}},"type":"if","locations":[{"start":{"line":48,"column":2},"end":{"line":51,"column":3}},{"start":{},"end":{}}],"line":48},"4":{"loc":{"start":{"line":58,"column":2},"end":{"line":61,"column":3}},"type":"if","locations":[{"start":{"line":58,"column":2},"end":{"line":61,"column":3}},{"start":{},"end":{}}],"line":58},"5":{"loc":{"start":{"line":81,"column":2},"end":{"line":84,"column":3}},"type":"if","locations":[{"start":{"line":81,"column":2},"end":{"line":84,"column":3}},{"start":{},"end":{}}],"line":81},"6":{"loc":{"start":{"line":89,"column":2},"end":{"line":92,"column":3}},"type":"if","locations":[{"start":{"line":89,"column":2},"end":{"line":92,"column":3}},{"start":{},"end":{}}],"line":89},"7":{"loc":{"start":{"line":104,"column":2},"end":{"line":107,"column":3}},"type":"if","locations":[{"start":{"line":104,"column":2},"end":{"line":107,"column":3}},{"start":{},"end":{}}],"line":104},"8":{"loc":{"start":{"line":113,"column":2},"end":{"line":119,"column":3}},"type":"if","locations":[{"start":{"line":113,"column":2},"end":{"line":119,"column":3}},{"start":{},"end":{}}],"line":113},"9":{"loc":{"start":{"line":114,"column":4},"end":{"line":115,"column":48}},"type":"binary-expr","locations":[{"start":{"line":114,"column":4},"end":{"line":114,"column":46}},{"start":{"line":115,"column":4},"end":{"line":115,"column":48}}],"line":114},"10":{"loc":{"start":{"line":122,"column":2},"end":{"line":126,"column":3}},"type":"if","locations":[{"start":{"line":122,"column":2},"end":{"line":126,"column":3}},{"start":{"line":124,"column":9},"end":{"line":126,"column":3}}],"line":122},"11":{"loc":{"start":{"line":129,"column":2},"end":{"line":136,"column":3}},"type":"if","locations":[{"start":{"line":129,"column":2},"end":{"line":136,"column":3}},{"start":{},"end":{}}],"line":129}},"s":{"0":4,"1":4,"2":4,"3":4,"4":2,"5":2,"6":2,"7":1,"8":1,"9":1,"10":1,"11":1,"12":0,"13":0,"14":4,"15":3,"16":3,"17":1,"18":1,"19":2,"20":2,"21":1,"22":1,"23":1,"24":1,"25":4,"26":3,"27":3,"28":1,"29":1,"30":2,"31":2,"32":1,"33":1,"34":1,"35":1,"36":4,"37":3,"38":3,"39":1,"40":1,"41":2,"42":2,"43":1,"44":1,"45":1,"46":1,"47":0,"48":1,"49":1,"50":1,"51":1,"52":1,"53":1,"54":4},"f":{"0":2,"1":3,"2":3,"3":3},"b":{"0":[1,1],"1":[2,2],"2":[1,0],"3":[1,2],"4":[1,1],"5":[1,2],"6":[1,1],"7":[1,2],"8":[1,1],"9":[2,1],"10":[1,0],"11":[1,0]},"_coverageSchema":"1a1c01bbd47fc00a2c39e90264f33305004495a9","hash":"94f18dbb7cd52de6060c3d9e7e820b08ccd1d12b"}
,"/home/david/schoolprojects/T3A2-B/src/backend/src/controllers/shiftController.js": {"path":"/home/david/schoolprojects/T3A2-B/src/backend/src/controllers/shiftController.js","statementMap":{"0":{"start":{"line":1,"column":21},"end":{"line":1,"column":53}},"1":{"start":{"line":2,"column":13},"end":{"line":2,"column":43}},"2":{"start":{"line":3,"column":16},"end":{"line":3,"column":49}},"3":{"start":{"line":4,"column":14},"end":{"line":4,"column":45}},"4":{"start":{"line":5,"column":40},"end":{"line":5,"column":72}},"5":{"start":{"line":11,"column":22},"end":{"line":20,"column":2}},"6":{"start":{"line":13,"column":15},"end":{"line":13,"column":47}},"7":{"start":{"line":16,"column":21},"end":{"line":16,"column":57}},"8":{"start":{"line":19,"column":2},"end":{"line":19,"column":35}},"9":{"start":{"line":26,"column":25},"end":{"line":51,"column":2}},"10":{"start":{"line":28,"column":15},"end":{"line":28,"column":47}},"11":{"start":{"line":30,"column":18},"end":{"line":30,"column":62}},"12":{"start":{"line":33,"column":2},"end":{"line":36,"column":3}},"13":{"start":{"line":34,"column":4},"end":{"line":34,"column":20}},"14":{"start":{"line":35,"column":4},"end":{"line":35,"column":41}},"15":{"start":{"line":39,"column":2},"end":{"line":45,"column":3}},"16":{"start":{"line":43,"column":4},"end":{"line":43,"column":20}},"17":{"start":{"line":44,"column":4},"end":{"line":44,"column":46}},"18":{"start":{"line":48,"column":24},"end":{"line":48,"column":104}},"19":{"start":{"line":50,"column":2},"end":{"line":50,"column":38}},"20":{"start":{"line":57,"column":20},"end":{"line":106,"column":2}},"21":{"start":{"line":58,"column":70},"end":{"line":58,"column":78}},"22":{"start":{"line":61,"column":15},"end":{"line":61,"column":47}},"23":{"start":{"line":64,"column":18},"end":{"line":64,"column":62}},"24":{"start":{"line":67,"column":2},"end":{"line":70,"column":3}},"25":{"start":{"line":68,"column":4},"end":{"line":68,"column":20}},"26":{"start":{"line":69,"column":4},"end":{"line":69,"column":41}},"27":{"start":{"line":73,"column":16},"end":{"line":73,"column":44}},"28":{"start":{"line":76,"column":2},"end":{"line":79,"column":3}},"29":{"start":{"line":77,"column":4},"end":{"line":77,"column":20}},"30":{"start":{"line":78,"column":4},"end":{"line":78,"column":46}},"31":{"start":{"line":82,"column":16},"end":{"line":89,"column":4}},"32":{"start":{"line":92,"column":2},"end":{"line":105,"column":3}},"33":{"start":{"line":93,"column":4},"end":{"line":101,"column":7}},"34":{"start":{"line":103,"column":4},"end":{"line":103,"column":20}},"35":{"start":{"line":104,"column":4},"end":{"line":104,"column":36}},"36":{"start":{"line":112,"column":20},"end":{"line":134,"column":2}},"37":{"start":{"line":114,"column":15},"end":{"line":114,"column":47}},"38":{"start":{"line":117,"column":16},"end":{"line":117,"column":56}},"39":{"start":{"line":120,"column":2},"end":{"line":123,"column":3}},"40":{"start":{"line":121,"column":4},"end":{"line":121,"column":20}},"41":{"start":{"line":122,"column":4},"end":{"line":122,"column":46}},"42":{"start":{"line":126,"column":23},"end":{"line":132,"column":3}},"43":{"start":{"line":133,"column":2},"end":{"line":133,"column":37}},"44":{"start":{"line":140,"column":23},"end":{"line":162,"column":2}},"45":{"start":{"line":142,"column":15},"end":{"line":142,"column":47}},"46":{"start":{"line":145,"column":16},"end":{"line":145,"column":56}},"47":{"start":{"line":148,"column":2},"end":{"line":151,"column":3}},"48":{"start":{"line":149,"column":4},"end":{"line":149,"column":20}},"49":{"start":{"line":150,"column":4},"end":{"line":150,"column":46}},"50":{"start":{"line":154,"column":23},"end":{"line":160,"column":3}},"51":{"start":{"line":161,"column":2},"end":{"line":161,"column":37}},"52":{"start":{"line":168,"column":20},"end":{"line":184,"column":2}},"53":{"start":{"line":170,"column":15},"end":{"line":170,"column":47}},"54":{"start":{"line":173,"column":16},"end":{"line":173,"column":56}},"55":{"start":{"line":176,"column":2},"end":{"line":179,"column":3}},"56":{"start":{"line":177,"column":4},"end":{"line":177,"column":20}},"57":{"start":{"line":178,"column":4},"end":{"line":178,"column":46}},"58":{"start":{"line":182,"column":2},"end":{"line":182,"column":23}},"59":{"start":{"line":183,"column":2},"end":{"line":183,"column":75}},"60":{"start":{"line":190,"column":25},"end":{"line":249,"column":2}},"61":{"start":{"line":192,"column":21},"end":{"line":192,"column":40}},"62":{"start":{"line":195,"column":2},"end":{"line":198,"column":3}},"63":{"start":{"line":196,"column":4},"end":{"line":196,"column":20}},"64":{"start":{"line":197,"column":4},"end":{"line":197,"column":50}},"65":{"start":{"line":201,"column":15},"end":{"line":201,"column":47}},"66":{"start":{"line":204,"column":16},"end":{"line":204,"column":56}},"67":{"start":{"line":207,"column":2},"end":{"line":210,"column":3}},"68":{"start":{"line":208,"column":4},"end":{"line":208,"column":20}},"69":{"start":{"line":209,"column":4},"end":{"line":209,"column":46}},"70":{"start":{"line":213,"column":18},"end":{"line":215,"column":23}},"71":{"start":{"line":218,"column":16},"end":{"line":220,"column":23}},"72":{"start":{"line":223,"column":19},"end":{"line":230,"column":3}},"73":{"start":{"line":233,"column":17},"end":{"line":233,"column":78}},"74":{"start":{"line":236,"column":23},"end":{"line":247,"column":3}},"75":{"start":{"line":248,"column":2},"end":{"line":248,"column":37}},"76":{"start":{"line":255,"column":29},"end":{"line":320,"column":2}},"77":{"start":{"line":257,"column":25},"end":{"line":257,"column":48}},"78":{"start":{"line":260,"column":2},"end":{"line":263,"column":3}},"79":{"start":{"line":261,"column":4},"end":{"line":261,"column":20}},"80":{"start":{"line":262,"column":4},"end":{"line":262,"column":50}},"81":{"start":{"line":266,"column":15},"end":{"line":266,"column":47}},"82":{"start":{"line":269,"column":16},"end":{"line":269,"column":56}},"83":{"start":{"line":272,"column":2},"end":{"line":275,"column":3}},"84":{"start":{"line":273,"column":4},"end":{"line":273,"column":20}},"85":{"start":{"line":274,"column":4},"end":{"line":274,"column":46}},"86":{"start":{"line":278,"column":18},"end":{"line":280,"column":23}},"87":{"start":{"line":283,"column":16},"end":{"line":285,"column":23}},"88":{"start":{"line":288,"column":22},"end":{"line":295,"column":3}},"89":{"start":{"line":298,"column":17},"end":{"line":302,"column":3}},"90":{"start":{"line":305,"column":28},"end":{"line":318,"column":3}},"91":{"start":{"line":319,"column":2},"end":{"line":319,"column":42}},"92":{"start":{"line":322,"column":0},"end":{"line":331,"column":2}}},"fnMap":{"0":{"name":"(anonymous_0)","decl":{"start":{"line":11,"column":35},"end":{"line":11,"column":36}},"loc":{"start":{"line":11,"column":55},"end":{"line":20,"column":1}},"line":11},"1":{"name":"(anonymous_1)","decl":{"start":{"line":26,"column":38},"end":{"line":26,"column":39}},"loc":{"start":{"line":26,"column":58},"end":{"line":51,"column":1}},"line":26},"2":{"name":"(anonymous_2)","decl":{"start":{"line":57,"column":33},"end":{"line":57,"column":34}},"loc":{"start":{"line":57,"column":53},"end":{"line":106,"column":1}},"line":57},"3":{"name":"(anonymous_3)","decl":{"start":{"line":112,"column":33},"end":{"line":112,"column":34}},"loc":{"start":{"line":112,"column":53},"end":{"line":134,"column":1}},"line":112},"4":{"name":"(anonymous_4)","decl":{"start":{"line":140,"column":36},"end":{"line":140,"column":37}},"loc":{"start":{"line":140,"column":56},"end":{"line":162,"column":1}},"line":140},"5":{"name":"(anonymous_5)","decl":{"start":{"line":168,"column":33},"end":{"line":168,"column":34}},"loc":{"start":{"line":168,"column":53},"end":{"line":184,"column":1}},"line":168},"6":{"name":"(anonymous_6)","decl":{"start":{"line":190,"column":38},"end":{"line":190,"column":39}},"loc":{"start":{"line":190,"column":58},"end":{"line":249,"column":1}},"line":190},"7":{"name":"(anonymous_7)","decl":{"start":{"line":255,"column":42},"end":{"line":255,"column":43}},"loc":{"start":{"line":255,"column":62},"end":{"line":320,"column":1}},"line":255}},"branchMap":{"0":{"loc":{"start":{"line":33,"column":2},"end":{"line":36,"column":3}},"type":"if","locations":[{"start":{"line":33,"column":2},"end":{"line":36,"column":3}},{"start":{},"end":{}}],"line":33},"1":{"loc":{"start":{"line":39,"column":2},"end":{"line":45,"column":3}},"type":"if","locations":[{"start":{"line":39,"column":2},"end":{"line":45,"column":3}},{"start":{},"end":{}}],"line":39},"2":{"loc":{"start":{"line":40,"column":4},"end":{"line":41,"column":48}},"type":"binary-expr","locations":[{"start":{"line":40,"column":4},"end":{"line":40,"column":46}},{"start":{"line":41,"column":4},"end":{"line":41,"column":48}}],"line":40},"3":{"loc":{"start":{"line":67,"column":2},"end":{"line":70,"column":3}},"type":"if","locations":[{"start":{"line":67,"column":2},"end":{"line":70,"column":3}},{"start":{},"end":{}}],"line":67},"4":{"loc":{"start":{"line":76,"column":2},"end":{"line":79,"column":3}},"type":"if","locations":[{"start":{"line":76,"column":2},"end":{"line":79,"column":3}},{"start":{},"end":{}}],"line":76},"5":{"loc":{"start":{"line":92,"column":2},"end":{"line":105,"column":3}},"type":"if","locations":[{"start":{"line":92,"column":2},"end":{"line":105,"column":3}},{"start":{"line":102,"column":9},"end":{"line":105,"column":3}}],"line":92},"6":{"loc":{"start":{"line":120,"column":2},"end":{"line":123,"column":3}},"type":"if","locations":[{"start":{"line":120,"column":2},"end":{"line":123,"column":3}},{"start":{},"end":{}}],"line":120},"7":{"loc":{"start":{"line":148,"column":2},"end":{"line":151,"column":3}},"type":"if","locations":[{"start":{"line":148,"column":2},"end":{"line":151,"column":3}},{"start":{},"end":{}}],"line":148},"8":{"loc":{"start":{"line":176,"column":2},"end":{"line":179,"column":3}},"type":"if","locations":[{"start":{"line":176,"column":2},"end":{"line":179,"column":3}},{"start":{},"end":{}}],"line":176},"9":{"loc":{"start":{"line":195,"column":2},"end":{"line":198,"column":3}},"type":"if","locations":[{"start":{"line":195,"column":2},"end":{"line":198,"column":3}},{"start":{},"end":{}}],"line":195},"10":{"loc":{"start":{"line":207,"column":2},"end":{"line":210,"column":3}},"type":"if","locations":[{"start":{"line":207,"column":2},"end":{"line":210,"column":3}},{"start":{},"end":{}}],"line":207},"11":{"loc":{"start":{"line":260,"column":2},"end":{"line":263,"column":3}},"type":"if","locations":[{"start":{"line":260,"column":2},"end":{"line":263,"column":3}},{"start":{},"end":{}}],"line":260},"12":{"loc":{"start":{"line":272,"column":2},"end":{"line":275,"column":3}},"type":"if","locations":[{"start":{"line":272,"column":2},"end":{"line":275,"column":3}},{"start":{},"end":{}}],"line":272}},"s":{"0":4,"1":4,"2":4,"3":4,"4":4,"5":4,"6":1,"7":1,"8":1,"9":4,"10":3,"11":3,"12":3,"13":1,"14":1,"15":2,"16":1,"17":1,"18":1,"19":1,"20":4,"21":3,"22":3,"23":3,"24":3,"25":1,"26":1,"27":2,"28":2,"29":1,"30":1,"31":1,"32":1,"33":1,"34":0,"35":0,"36":4,"37":2,"38":2,"39":2,"40":1,"41":1,"42":1,"43":1,"44":4,"45":2,"46":2,"47":2,"48":1,"49":1,"50":1,"51":1,"52":4,"53":2,"54":2,"55":2,"56":1,"57":1,"58":1,"59":1,"60":4,"61":3,"62":3,"63":1,"64":1,"65":2,"66":2,"67":2,"68":1,"69":1,"70":1,"71":1,"72":1,"73":1,"74":1,"75":1,"76":4,"77":3,"78":3,"79":1,"80":1,"81":2,"82":2,"83":2,"84":1,"85":1,"86":1,"87":1,"88":1,"89":1,"90":1,"91":1,"92":4},"f":{"0":1,"1":3,"2":3,"3":2,"4":2,"5":2,"6":3,"7":3},"b":{"0":[1,2],"1":[1,1],"2":[2,1],"3":[1,2],"4":[1,1],"5":[1,0],"6":[1,1],"7":[1,1],"8":[1,1],"9":[1,2],"10":[1,1],"11":[1,2],"12":[1,1]},"_coverageSchema":"1a1c01bbd47fc00a2c39e90264f33305004495a9","hash":"797441c75fe1dcf4bfeb7d8f774ec3bfad318f08"}
,"/home/david/schoolprojects/T3A2-B/src/backend/src/controllers/userController.js": {"path":"/home/david/schoolprojects/T3A2-B/src/backend/src/controllers/userController.js","statementMap":{"0":{"start":{"line":1,"column":21},"end":{"line":1,"column":53}},"1":{"start":{"line":2,"column":12},"end":{"line":2,"column":35}},"2":{"start":{"line":3,"column":19},"end":{"line":3,"column":40}},"3":{"start":{"line":4,"column":15},"end":{"line":4,"column":34}},"4":{"start":{"line":5,"column":13},"end":{"line":5,"column":43}},"5":{"start":{"line":6,"column":16},"end":{"line":6,"column":49}},"6":{"start":{"line":7,"column":14},"end":{"line":7,"column":45}},"7":{"start":{"line":8,"column":15},"end":{"line":8,"column":43}},"8":{"start":{"line":14,"column":21},"end":{"line":61,"column":2}},"9":{"start":{"line":15,"column":51},"end":{"line":15,"column":59}},"10":{"start":{"line":18,"column":2},"end":{"line":21,"column":3}},"11":{"start":{"line":19,"column":4},"end":{"line":19,"column":20}},"12":{"start":{"line":20,"column":4},"end":{"line":20,"column":50}},"13":{"start":{"line":24,"column":21},"end":{"line":24,"column":50}},"14":{"start":{"line":25,"column":2},"end":{"line":28,"column":3}},"15":{"start":{"line":26,"column":4},"end":{"line":26,"column":20}},"16":{"start":{"line":27,"column":4},"end":{"line":27,"column":73}},"17":{"start":{"line":31,"column":15},"end":{"line":31,"column":39}},"18":{"start":{"line":32,"column":25},"end":{"line":32,"column":58}},"19":{"start":{"line":35,"column":15},"end":{"line":40,"column":4}},"20":{"start":{"line":43,"column":21},"end":{"line":45,"column":4}},"21":{"start":{"line":48,"column":2},"end":{"line":48,"column":55}},"22":{"start":{"line":50,"column":2},"end":{"line":60,"column":3}},"23":{"start":{"line":51,"column":4},"end":{"line":56,"column":7}},"24":{"start":{"line":58,"column":4},"end":{"line":58,"column":20}},"25":{"start":{"line":59,"column":4},"end":{"line":59,"column":36}},"26":{"start":{"line":67,"column":26},"end":{"line":85,"column":2}},"27":{"start":{"line":69,"column":17},"end":{"line":69,"column":45}},"28":{"start":{"line":72,"column":15},"end":{"line":72,"column":58}},"29":{"start":{"line":75,"column":2},"end":{"line":78,"column":3}},"30":{"start":{"line":76,"column":4},"end":{"line":76,"column":20}},"31":{"start":{"line":77,"column":4},"end":{"line":77,"column":38}},"32":{"start":{"line":80,"column":21},"end":{"line":82,"column":4}},"33":{"start":{"line":84,"column":2},"end":{"line":84,"column":69}},"34":{"start":{"line":91,"column":18},"end":{"line":133,"column":2}},"35":{"start":{"line":92,"column":30},"end":{"line":92,"column":38}},"36":{"start":{"line":95,"column":15},"end":{"line":95,"column":44}},"37":{"start":{"line":98,"column":13},"end":{"line":98,"column":20}},"38":{"start":{"line":101,"column":2},"end":{"line":104,"column":3}},"39":{"start":{"line":102,"column":4},"end":{"line":102,"column":20}},"40":{"start":{"line":103,"column":4},"end":{"line":103,"column":50}},"41":{"start":{"line":107,"column":2},"end":{"line":110,"column":3}},"42":{"start":{"line":108,"column":4},"end":{"line":108,"column":20}},"43":{"start":{"line":109,"column":4},"end":{"line":109,"column":49}},"44":{"start":{"line":113,"column":21},"end":{"line":115,"column":4}},"45":{"start":{"line":118,"column":2},"end":{"line":128,"column":3}},"46":{"start":{"line":119,"column":4},"end":{"line":124,"column":39}},"47":{"start":{"line":126,"column":4},"end":{"line":126,"column":20}},"48":{"start":{"line":127,"column":4},"end":{"line":127,"column":43}},"49":{"start":{"line":130,"column":2},"end":{"line":132,"column":5}},"50":{"start":{"line":139,"column":24},"end":{"line":222,"column":2}},"51":{"start":{"line":140,"column":15},"end":{"line":140,"column":54}},"52":{"start":{"line":143,"column":29},"end":{"line":146,"column":11}},"53":{"start":{"line":149,"column":23},"end":{"line":152,"column":11}},"54":{"start":{"line":156,"column":34},"end":{"line":193,"column":3}},"55":{"start":{"line":158,"column":35},"end":{"line":168,"column":8}},"56":{"start":{"line":169,"column":6},"end":{"line":169,"column":40}},"57":{"start":{"line":172,"column":6},"end":{"line":190,"column":7}},"58":{"start":{"line":173,"column":26},"end":{"line":175,"column":30}},"59":{"start":{"line":178,"column":8},"end":{"line":187,"column":9}},"60":{"start":{"line":179,"column":10},"end":{"line":181,"column":12}},"61":{"start":{"line":183,"column":10},"end":{"line":186,"column":12}},"62":{"start":{"line":189,"column":8},"end":{"line":189,"column":36}},"63":{"start":{"line":191,"column":6},"end":{"line":191,"column":21}},"64":{"start":{"line":197,"column":28},"end":{"line":217,"column":3}},"65":{"start":{"line":199,"column":29},"end":{"line":209,"column":8}},"66":{"start":{"line":210,"column":6},"end":{"line":214,"column":7}},"67":{"start":{"line":211,"column":8},"end":{"line":211,"column":64}},"68":{"start":{"line":213,"column":8},"end":{"line":213,"column":36}},"69":{"start":{"line":215,"column":6},"end":{"line":215,"column":21}},"70":{"start":{"line":219,"column":2},"end":{"line":221,"column":78}},"71":{"start":{"line":243,"column":0},"end":{"line":249,"column":2}}},"fnMap":{"0":{"name":"(anonymous_0)","decl":{"start":{"line":14,"column":34},"end":{"line":14,"column":35}},"loc":{"start":{"line":14,"column":54},"end":{"line":61,"column":1}},"line":14},"1":{"name":"(anonymous_1)","decl":{"start":{"line":67,"column":39},"end":{"line":67,"column":40}},"loc":{"start":{"line":67,"column":59},"end":{"line":85,"column":1}},"line":67},"2":{"name":"(anonymous_2)","decl":{"start":{"line":91,"column":31},"end":{"line":91,"column":32}},"loc":{"start":{"line":91,"column":51},"end":{"line":133,"column":1}},"line":91},"3":{"name":"(anonymous_3)","decl":{"start":{"line":139,"column":37},"end":{"line":139,"column":38}},"loc":{"start":{"line":139,"column":57},"end":{"line":222,"column":1}},"line":139},"4":{"name":"(anonymous_4)","decl":{"start":{"line":157,"column":27},"end":{"line":157,"column":28}},"loc":{"start":{"line":157,"column":46},"end":{"line":192,"column":5}},"line":157},"5":{"name":"(anonymous_5)","decl":{"start":{"line":198,"column":21},"end":{"line":198,"column":22}},"loc":{"start":{"line":198,"column":40},"end":{"line":216,"column":5}},"line":198}},"branchMap":{"0":{"loc":{"start":{"line":18,"column":2},"end":{"line":21,"column":3}},"type":"if","locations":[{"start":{"line":18,"column":2},"end":{"line":21,"column":3}},{"start":{},"end":{}}],"line":18},"1":{"loc":{"start":{"line":18,"column":6},"end":{"line":18,"column":52}},"type":"binary-expr","locations":[{"start":{"line":18,"column":6},"end":{"line":18,"column":16}},{"start":{"line":18,"column":20},"end":{"line":18,"column":29}},{"start":{"line":18,"column":33},"end":{"line":18,"column":39}},{"start":{"line":18,"column":43},"end":{"line":18,"column":52}}],"line":18},"2":{"loc":{"start":{"line":25,"column":2},"end":{"line":28,"column":3}},"type":"if","locations":[{"start":{"line":25,"column":2},"end":{"line":28,"column":3}},{"start":{},"end":{}}],"line":25},"3":{"loc":{"start":{"line":50,"column":2},"end":{"line":60,"column":3}},"type":"if","locations":[{"start":{"line":50,"column":2},"end":{"line":60,"column":3}},{"start":{"line":57,"column":9},"end":{"line":60,"column":3}}],"line":50},"4":{"loc":{"start":{"line":75,"column":2},"end":{"line":78,"column":3}},"type":"if","locations":[{"start":{"line":75,"column":2},"end":{"line":78,"column":3}},{"start":{},"end":{}}],"line":75},"5":{"loc":{"start":{"line":101,"column":2},"end":{"line":104,"column":3}},"type":"if","locations":[{"start":{"line":101,"column":2},"end":{"line":104,"column":3}},{"start":{},"end":{}}],"line":101},"6":{"loc":{"start":{"line":101,"column":6},"end":{"line":101,"column":25}},"type":"binary-expr","locations":[{"start":{"line":101,"column":6},"end":{"line":101,"column":12}},{"start":{"line":101,"column":16},"end":{"line":101,"column":25}}],"line":101},"7":{"loc":{"start":{"line":107,"column":2},"end":{"line":110,"column":3}},"type":"if","locations":[{"start":{"line":107,"column":2},"end":{"line":110,"column":3}},{"start":{},"end":{}}],"line":107},"8":{"loc":{"start":{"line":118,"column":2},"end":{"line":128,"column":3}},"type":"if","locations":[{"start":{"line":118,"column":2},"end":{"line":128,"column":3}},{"start":{"line":125,"column":9},"end":{"line":128,"column":3}}],"line":118},"9":{"loc":{"start":{"line":118,"column":6},"end":{"line":118,"column":61}},"type":"binary-expr","locations":[{"start":{"line":118,"column":6},"end":{"line":118,"column":10}},{"start":{"line":118,"column":15},"end":{"line":118,"column":60}}],"line":118},"10":{"loc":{"start":{"line":172,"column":6},"end":{"line":190,"column":7}},"type":"if","locations":[{"start":{"line":172,"column":6},"end":{"line":190,"column":7}},{"start":{"line":188,"column":13},"end":{"line":190,"column":7}}],"line":172},"11":{"loc":{"start":{"line":178,"column":8},"end":{"line":187,"column":9}},"type":"if","locations":[{"start":{"line":178,"column":8},"end":{"line":187,"column":9}},{"start":{"line":182,"column":15},"end":{"line":187,"column":9}}],"line":178},"12":{"loc":{"start":{"line":210,"column":6},"end":{"line":214,"column":7}},"type":"if","locations":[{"start":{"line":210,"column":6},"end":{"line":214,"column":7}},{"start":{"line":212,"column":13},"end":{"line":214,"column":7}}],"line":210}},"s":{"0":4,"1":4,"2":4,"3":4,"4":4,"5":4,"6":4,"7":4,"8":4,"9":3,"10":3,"11":1,"12":1,"13":2,"14":2,"15":1,"16":1,"17":1,"18":1,"19":1,"20":1,"21":1,"22":1,"23":1,"24":0,"25":0,"26":4,"27":2,"28":2,"29":2,"30":1,"31":1,"32":1,"33":1,"34":4,"35":8,"36":8,"37":8,"38":8,"39":1,"40":1,"41":7,"42":1,"43":1,"44":6,"45":6,"46":5,"47":1,"48":1,"49":5,"50":4,"51":1,"52":1,"53":1,"54":1,"55":4,"56":4,"57":4,"58":1,"59":1,"60":0,"61":1,"62":3,"63":4,"64":1,"65":2,"66":2,"67":1,"68":1,"69":2,"70":1,"71":4},"f":{"0":3,"1":2,"2":8,"3":1,"4":4,"5":2},"b":{"0":[1,2],"1":[3,3,3,2],"2":[1,1],"3":[1,0],"4":[1,1],"5":[1,7],"6":[8,8],"7":[1,6],"8":[5,1],"9":[6,6],"10":[1,3],"11":[0,1],"12":[1,1]},"_coverageSchema":"1a1c01bbd47fc00a2c39e90264f33305004495a9","hash":"87f596b0139ea08888b5a846b6cbe3f9d9ccebef"}
,"/home/david/schoolprojects/T3A2-B/src/backend/src/middleware/authMiddleware.js": {"path":"/home/david/schoolprojects/T3A2-B/src/backend/src/middleware/authMiddleware.js","statementMap":{"0":{"start":{"line":1,"column":12},"end":{"line":1,"column":35}},"1":{"start":{"line":2,"column":21},"end":{"line":2,"column":53}},"2":{"start":{"line":3,"column":13},"end":{"line":3,"column":43}},"3":{"start":{"line":5,"column":16},"end":{"line":20,"column":2}},"4":{"start":{"line":6,"column":16},"end":{"line":6,"column":40}},"5":{"start":{"line":7,"column":2},"end":{"line":10,"column":3}},"6":{"start":{"line":8,"column":4},"end":{"line":8,"column":49}},"7":{"start":{"line":9,"column":4},"end":{"line":9,"column":52}},"8":{"start":{"line":11,"column":2},"end":{"line":19,"column":3}},"9":{"start":{"line":12,"column":17},"end":{"line":12,"column":58}},"10":{"start":{"line":13,"column":4},"end":{"line":13,"column":64}},"11":{"start":{"line":14,"column":4},"end":{"line":14,"column":18}},"12":{"start":{"line":16,"column":4},"end":{"line":16,"column":23}},"13":{"start":{"line":17,"column":4},"end":{"line":17,"column":77}},"14":{"start":{"line":18,"column":4},"end":{"line":18,"column":38}},"15":{"start":{"line":21,"column":2},"end":{"line":21,"column":31}}},"fnMap":{"0":{"name":"(anonymous_0)","decl":{"start":{"line":5,"column":29},"end":{"line":5,"column":30}},"loc":{"start":{"line":5,"column":55},"end":{"line":20,"column":1}},"line":5}},"branchMap":{"0":{"loc":{"start":{"line":7,"column":2},"end":{"line":10,"column":3}},"type":"if","locations":[{"start":{"line":7,"column":2},"end":{"line":10,"column":3}},{"start":{},"end":{}}],"line":7}},"s":{"0":4,"1":4,"2":4,"3":4,"4":41,"5":41,"6":2,"7":2,"8":39,"9":39,"10":39,"11":39,"12":0,"13":0,"14":0,"15":4},"f":{"0":41},"b":{"0":[2,39]},"_coverageSchema":"1a1c01bbd47fc00a2c39e90264f33305004495a9","hash":"02a440bf38ebb7003e1227669669a3c753e1ba74"}
,"/home/david/schoolprojects/T3A2-B/src/backend/src/middleware/errorMiddleware.js": {"path":"/home/david/schoolprojects/T3A2-B/src/backend/src/middleware/errorMiddleware.js","statementMap":{"0":{"start":{"line":1,"column":21},"end":{"line":8,"column":1}},"1":{"start":{"line":2,"column":23},"end":{"line":2,"column":59}},"2":{"start":{"line":3,"column":4},"end":{"line":3,"column":26}},"3":{"start":{"line":4,"column":4},"end":{"line":7,"column":6}},"4":{"start":{"line":10,"column":0},"end":{"line":12,"column":1}}},"fnMap":{"0":{"name":"(anonymous_0)","decl":{"start":{"line":1,"column":21},"end":{"line":1,"column":22}},"loc":{"start":{"line":1,"column":46},"end":{"line":8,"column":1}},"line":1}},"branchMap":{"0":{"loc":{"start":{"line":2,"column":23},"end":{"line":2,"column":59}},"type":"cond-expr","locations":[{"start":{"line":2,"column":40},"end":{"line":2,"column":54}},{"start":{"line":2,"column":56},"end":{"line":2,"column":59}}],"line":2},"1":{"loc":{"start":{"line":6,"column":15},"end":{"line":6,"column":71}},"type":"cond-expr","locations":[{"start":{"line":6,"column":55},"end":{"line":6,"column":59}},{"start":{"line":6,"column":62},"end":{"line":6,"column":71}}],"line":6}},"s":{"0":4,"1":34,"2":34,"3":34,"4":4},"f":{"0":34},"b":{"0":[34,0],"1":[34,0]},"_coverageSchema":"1a1c01bbd47fc00a2c39e90264f33305004495a9","hash":"ee35e310a10e9343aff5996f1b21e74ff234630a"}
,"/home/david/schoolprojects/T3A2-B/src/backend/src/models/patientModel.js": {"path":"/home/david/schoolprojects/T3A2-B/src/backend/src/models/patientModel.js","statementMap":{"0":{"start":{"line":1,"column":17},"end":{"line":1,"column":36}},"1":{"start":{"line":3,"column":22},"end":{"line":27,"column":2}},"2":{"start":{"line":29,"column":0},"end":{"line":29,"column":58}}},"fnMap":{},"branchMap":{},"s":{"0":4,"1":4,"2":4},"f":{},"b":{},"_coverageSchema":"1a1c01bbd47fc00a2c39e90264f33305004495a9","hash":"d101e0761ef75f4a84e219e29062ae069e8201da"}
,"/home/david/schoolprojects/T3A2-B/src/backend/src/models/shiftModel.js": {"path":"/home/david/schoolprojects/T3A2-B/src/backend/src/models/shiftModel.js","statementMap":{"0":{"start":{"line":1,"column":17},"end":{"line":1,"column":36}},"1":{"start":{"line":3,"column":29},"end":{"line":10,"column":2}},"2":{"start":{"line":12,"column":25},"end":{"line":19,"column":2}},"3":{"start":{"line":21,"column":20},"end":{"line":63,"column":1}},"4":{"start":{"line":65,"column":0},"end":{"line":65,"column":55}}},"fnMap":{},"branchMap":{},"s":{"0":4,"1":4,"2":4,"3":4,"4":4},"f":{},"b":{},"_coverageSchema":"1a1c01bbd47fc00a2c39e90264f33305004495a9","hash":"4fa873da3f220726dab0f2ff693a0a2037efb8b4"}
,"/home/david/schoolprojects/T3A2-B/src/backend/src/models/userModel.js": {"path":"/home/david/schoolprojects/T3A2-B/src/backend/src/models/userModel.js","statementMap":{"0":{"start":{"line":1,"column":17},"end":{"line":1,"column":36}},"1":{"start":{"line":3,"column":19},"end":{"line":32,"column":1}},"2":{"start":{"line":34,"column":0},"end":{"line":34,"column":52}}},"fnMap":{},"branchMap":{},"s":{"0":4,"1":4,"2":4},"f":{},"b":{},"_coverageSchema":"1a1c01bbd47fc00a2c39e90264f33305004495a9","hash":"adad971fd36af1718fbc4db983d620e65bf9cd45"}
,"/home/david/schoolprojects/T3A2-B/src/backend/src/routes/carerRoutes.js": {"path":"/home/david/schoolprojects/T3A2-B/src/backend/src/routes/carerRoutes.js","statementMap":{"0":{"start":{"line":1,"column":16},"end":{"line":1,"column":34}},"1":{"start":{"line":2,"column":20},"end":{"line":2,"column":36}},"2":{"start":{"line":5,"column":4},"end":{"line":5,"column":45}},"3":{"start":{"line":7,"column":20},"end":{"line":7,"column":59}},"4":{"start":{"line":11,"column":0},"end":{"line":11,"column":63}},"5":{"start":{"line":15,"column":0},"end":{"line":15,"column":47}},"6":{"start":{"line":19,"column":0},"end":{"line":19,"column":77}},"7":{"start":{"line":22,"column":0},"end":{"line":22,"column":29}}},"fnMap":{},"branchMap":{},"s":{"0":4,"1":4,"2":4,"3":4,"4":4,"5":4,"6":4,"7":4},"f":{},"b":{},"_coverageSchema":"1a1c01bbd47fc00a2c39e90264f33305004495a9","hash":"3397346b1a4760d75e8ad6c1b390bcf402a664e7"}
,"/home/david/schoolprojects/T3A2-B/src/backend/src/routes/patientRoutes.js": {"path":"/home/david/schoolprojects/T3A2-B/src/backend/src/routes/patientRoutes.js","statementMap":{"0":{"start":{"line":1,"column":16},"end":{"line":1,"column":34}},"1":{"start":{"line":2,"column":22},"end":{"line":2,"column":38}},"2":{"start":{"line":8,"column":4},"end":{"line":8,"column":47}},"3":{"start":{"line":10,"column":20},"end":{"line":10,"column":59}},"4":{"start":{"line":14,"column":0},"end":{"line":14,"column":54}},"5":{"start":{"line":18,"column":0},"end":{"line":22,"column":32}},"6":{"start":{"line":24,"column":0},"end":{"line":24,"column":31}}},"fnMap":{},"branchMap":{},"s":{"0":4,"1":4,"2":4,"3":4,"4":4,"5":4,"6":4},"f":{},"b":{},"_coverageSchema":"1a1c01bbd47fc00a2c39e90264f33305004495a9","hash":"b063e1400918b9afec91094797494098c4608491"}
,"/home/david/schoolprojects/T3A2-B/src/backend/src/routes/shiftRoutes.js": {"path":"/home/david/schoolprojects/T3A2-B/src/backend/src/routes/shiftRoutes.js","statementMap":{"0":{"start":{"line":1,"column":16},"end":{"line":1,"column":34}},"1":{"start":{"line":2,"column":20},"end":{"line":2,"column":36}},"2":{"start":{"line":13,"column":4},"end":{"line":13,"column":45}},"3":{"start":{"line":15,"column":20},"end":{"line":15,"column":59}},"4":{"start":{"line":20,"column":0},"end":{"line":20,"column":50}},"5":{"start":{"line":24,"column":0},"end":{"line":24,"column":90}},"6":{"start":{"line":30,"column":0},"end":{"line":30,"column":85}},"7":{"start":{"line":35,"column":0},"end":{"line":35,"column":68}},"8":{"start":{"line":40,"column":0},"end":{"line":40,"column":68}},"9":{"start":{"line":44,"column":0},"end":{"line":44,"column":75}},"10":{"start":{"line":52,"column":0},"end":{"line":52,"column":29}}},"fnMap":{},"branchMap":{},"s":{"0":4,"1":4,"2":4,"3":4,"4":4,"5":4,"6":4,"7":4,"8":4,"9":4,"10":4},"f":{},"b":{},"_coverageSchema":"1a1c01bbd47fc00a2c39e90264f33305004495a9","hash":"882679cd955c8b94d4a8102db56422cfe7f8547c"}
,"/home/david/schoolprojects/T3A2-B/src/backend/src/routes/userRoutes.js": {"path":"/home/david/schoolprojects/T3A2-B/src/backend/src/routes/userRoutes.js","statementMap":{"0":{"start":{"line":1,"column":16},"end":{"line":1,"column":34}},"1":{"start":{"line":2,"column":19},"end":{"line":2,"column":35}},"2":{"start":{"line":9,"column":4},"end":{"line":9,"column":44}},"3":{"start":{"line":10,"column":20},"end":{"line":10,"column":59}},"4":{"start":{"line":15,"column":0},"end":{"line":15,"column":43}},"5":{"start":{"line":19,"column":0},"end":{"line":19,"column":59}},"6":{"start":{"line":23,"column":0},"end":{"line":23,"column":37}},"7":{"start":{"line":27,"column":0},"end":{"line":27,"column":46}},"8":{"start":{"line":35,"column":0},"end":{"line":35,"column":28}}},"fnMap":{},"branchMap":{},"s":{"0":4,"1":4,"2":4,"3":4,"4":4,"5":4,"6":4,"7":4,"8":4},"f":{},"b":{},"_coverageSchema":"1a1c01bbd47fc00a2c39e90264f33305004495a9","hash":"0493ca351b067670a533c808f1d0ffeee57fe188"}
,"/home/david/schoolprojects/T3A2-B/src/backend/src/services/email.js": {"path":"/home/david/schoolprojects/T3A2-B/src/backend/src/services/email.js","statementMap":{"0":{"start":{"line":1,"column":13},"end":{"line":1,"column":30}},"1":{"start":{"line":2,"column":0},"end":{"line":2,"column":15}},"2":{"start":{"line":3,"column":19},"end":{"line":3,"column":40}},"3":{"start":{"line":6,"column":18},"end":{"line":14,"column":2}},"4":{"start":{"line":18,"column":0},"end":{"line":45,"column":1}},"5":{"start":{"line":21,"column":8},"end":{"line":30,"column":9}},"6":{"start":{"line":22,"column":23},"end":{"line":27,"column":14}},"7":{"start":{"line":29,"column":12},"end":{"line":29,"column":30}},"8":{"start":{"line":34,"column":8},"end":{"line":43,"column":9}},"9":{"start":{"line":35,"column":23},"end":{"line":40,"column":14}},"10":{"start":{"line":42,"column":12},"end":{"line":42,"column":30}}},"fnMap":{"0":{"name":"verifyUserEmail","decl":{"start":{"line":20,"column":36},"end":{"line":20,"column":51}},"loc":{"start":{"line":20,"column":72},"end":{"line":31,"column":5}},"line":20},"1":{"name":"addCarerEmail","decl":{"start":{"line":33,"column":34},"end":{"line":33,"column":47}},"loc":{"start":{"line":33,"column":81},"end":{"line":44,"column":5}},"line":33}},"branchMap":{},"s":{"0":4,"1":4,"2":4,"3":4,"4":4,"5":1,"6":1,"7":0,"8":1,"9":1,"10":0},"f":{"0":1,"1":1},"b":{},"_coverageSchema":"1a1c01bbd47fc00a2c39e90264f33305004495a9","hash":"1b816564f82039bfb8ac486de31758415c9e1729"}
,"/home/david/schoolprojects/T3A2-B/src/backend/src/utils/helper.utils.js": {"path":"/home/david/schoolprojects/T3A2-B/src/backend/src/utils/helper.utils.js","statementMap":{"0":{"start":{"line":1,"column":19},"end":{"line":1,"column":43}},"1":{"start":{"line":2,"column":20},"end":{"line":2,"column":42}},"2":{"start":{"line":3,"column":20},"end":{"line":3,"column":37}},"3":{"start":{"line":4,"column":18},"end":{"line":4,"column":39}},"4":{"start":{"line":7,"column":18},"end":{"line":33,"column":1}},"5":{"start":{"line":15,"column":14},"end":{"line":15,"column":31}},"6":{"start":{"line":16,"column":2},"end":{"line":19,"column":6}},"7":{"start":{"line":20,"column":2},"end":{"line":20,"column":84}},"8":{"start":{"line":21,"column":2},"end":{"line":21,"column":79}},"9":{"start":{"line":22,"column":2},"end":{"line":24,"column":64}},"10":{"start":{"line":25,"column":2},"end":{"line":29,"column":5}},"11":{"start":{"line":30,"column":2},"end":{"line":30,"column":71}},"12":{"start":{"line":31,"column":2},"end":{"line":31,"column":12}},"13":{"start":{"line":32,"column":2},"end":{"line":32,"column":37}},"14":{"start":{"line":36,"column":25},"end":{"line":52,"column":1}},"15":{"start":{"line":37,"column":2},"end":{"line":51,"column":5}},"16":{"start":{"line":38,"column":28},"end":{"line":49,"column":5}},"17":{"start":{"line":43,"column":8},"end":{"line":47,"column":9}},"18":{"start":{"line":44,"column":10},"end":{"line":44,"column":26}},"19":{"start":{"line":46,"column":10},"end":{"line":46,"column":24}},"20":{"start":{"line":50,"column":4},"end":{"line":50,"column":65}},"21":{"start":{"line":54,"column":0},"end":{"line":54,"column":49}}},"fnMap":{"0":{"name":"(anonymous_0)","decl":{"start":{"line":7,"column":18},"end":{"line":7,"column":19}},"loc":{"start":{"line":14,"column":5},"end":{"line":33,"column":1}},"line":14},"1":{"name":"(anonymous_1)","decl":{"start":{"line":36,"column":25},"end":{"line":36,"column":26}},"loc":{"start":{"line":36,"column":56},"end":{"line":52,"column":1}},"line":36},"2":{"name":"(anonymous_2)","decl":{"start":{"line":37,"column":21},"end":{"line":37,"column":22}},"loc":{"start":{"line":37,"column":42},"end":{"line":51,"column":3}},"line":37},"3":{"name":"(anonymous_3)","decl":{"start":{"line":42,"column":6},"end":{"line":42,"column":7}},"loc":{"start":{"line":42,"column":25},"end":{"line":48,"column":7}},"line":42}},"branchMap":{"0":{"loc":{"start":{"line":43,"column":8},"end":{"line":47,"column":9}},"type":"if","locations":[{"start":{"line":43,"column":8},"end":{"line":47,"column":9}},{"start":{"line":45,"column":15},"end":{"line":47,"column":9}}],"line":43}},"s":{"0":4,"1":4,"2":4,"3":4,"4":4,"5":2,"6":2,"7":2,"8":2,"9":2,"10":2,"11":2,"12":2,"13":2,"14":4,"15":2,"16":2,"17":2,"18":2,"19":0,"20":2,"21":4},"f":{"0":2,"1":2,"2":2,"3":2},"b":{"0":[2,0]},"_coverageSchema":"1a1c01bbd47fc00a2c39e90264f33305004495a9","hash":"65129fbc72956395636ecad9f95d7b7542e5717d"}
}
